-- The C compiler identification is GNU 11.4.0
-- The CXX compiler identification is GNU 11.4.0
-- Detecting C compiler ABI info
-- Detecting C compiler ABI info - done
-- Check for working C compiler: /usr/bin/cc - skipped
-- Detecting C compile features
-- Detecting C compile features - done
-- Detecting CXX compiler ABI info
-- Detecting CXX compiler ABI info - done
-- Check for working CXX compiler: /usr/bin/c++ - skipped
-- Detecting CXX compile features
-- Detecting CXX compile features - done
-- Found ament_cmake: 1.3.14 (/opt/ros/humble/share/ament_cmake/cmake)
-- Found Python3: /usr/bin/python3 (found version "3.10.12") found components: Interpreter 
-- Configuring done
-- Generating done
-- Build files have been written to: /home/adrien/robot_arm_ros2(1)/robot_arm_ws/build/robot_arm_moveit_config
-- Install configuration: ""
-- Installing: /home/adrien/robot_arm_ros2(1)/robot_arm_ws/install/robot_arm_moveit_config/share/robot_arm_moveit_config/config
-- Installing: /home/adrien/robot_arm_ros2(1)/robot_arm_ws/install/robot_arm_moveit_config/share/robot_arm_moveit_config/config/kinematics.yaml
-- Installing: /home/adrien/robot_arm_ros2(1)/robot_arm_ws/install/robot_arm_moveit_config/share/robot_arm_moveit_config/config/ompl_planning.yaml
-- Installing: /home/adrien/robot_arm_ros2(1)/robot_arm_ws/install/robot_arm_moveit_config/share/robot_arm_moveit_config/config/moveit_controllers.yaml
-- Installing: /home/adrien/robot_arm_ros2(1)/robot_arm_ws/install/robot_arm_moveit_config/share/robot_arm_moveit_config/config/robot_arm.srdf
-- Installing: /home/adrien/robot_arm_ros2(1)/robot_arm_ws/install/robot_arm_moveit_config/share/robot_arm_moveit_config/config/joint_limits.yaml
-- Installing: /home/adrien/robot_arm_ros2(1)/robot_arm_ws/install/robot_arm_moveit_config/share/robot_arm_moveit_config/launch
-- Installing: /home/adrien/robot_arm_ros2(1)/robot_arm_ws/install/robot_arm_moveit_config/share/robot_arm_moveit_config/launch/demo.launch.py
-- Installing: /home/adrien/robot_arm_ros2(1)/robot_arm_ws/install/robot_arm_moveit_config/share/ament_index/resource_index/package_run_dependencies/robot_arm_moveit_config
-- Installing: /home/adrien/robot_arm_ros2(1)/robot_arm_ws/install/robot_arm_moveit_config/share/ament_index/resource_index/parent_prefix_path/robot_arm_moveit_config
-- Installing: /home/adrien/robot_arm_ros2(1)/robot_arm_ws/install/robot_arm_moveit_config/share/robot_arm_moveit_config/environment/ament_prefix_path.sh
-- Installing: /home/adrien/robot_arm_ros2(1)/robot_arm_ws/install/robot_arm_moveit_config/share/robot_arm_moveit_config/environment/ament_prefix_path.dsv
-- Installing: /home/adrien/robot_arm_ros2(1)/robot_arm_ws/install/robot_arm_moveit_config/share/robot_arm_moveit_config/environment/path.sh
-- Installing: /home/adrien/robot_arm_ros2(1)/robot_arm_ws/install/robot_arm_moveit_config/share/robot_arm_moveit_config/environment/path.dsv
-- Installing: /home/adrien/robot_arm_ros2(1)/robot_arm_ws/install/robot_arm_moveit_config/share/robot_arm_moveit_config/local_setup.bash
-- Installing: /home/adrien/robot_arm_ros2(1)/robot_arm_ws/install/robot_arm_moveit_config/share/robot_arm_moveit_config/local_setup.sh
-- Installing: /home/adrien/robot_arm_ros2(1)/robot_arm_ws/install/robot_arm_moveit_config/share/robot_arm_moveit_config/local_setup.zsh
-- Installing: /home/adrien/robot_arm_ros2(1)/robot_arm_ws/install/robot_arm_moveit_config/share/robot_arm_moveit_config/local_setup.dsv
-- Installing: /home/adrien/robot_arm_ros2(1)/robot_arm_ws/install/robot_arm_moveit_config/share/robot_arm_moveit_config/package.dsv
-- Installing: /home/adrien/robot_arm_ros2(1)/robot_arm_ws/install/robot_arm_moveit_config/share/ament_index/resource_index/packages/robot_arm_moveit_config
-- Installing: /home/adrien/robot_arm_ros2(1)/robot_arm_ws/install/robot_arm_moveit_config/share/robot_arm_moveit_config/cmake/robot_arm_moveit_configConfig.cmake
-- Installing: /home/adrien/robot_arm_ros2(1)/robot_arm_ws/install/robot_arm_moveit_config/share/robot_arm_moveit_config/cmake/robot_arm_moveit_configConfig-version.cmake
-- Installing: /home/adrien/robot_arm_ros2(1)/robot_arm_ws/install/robot_arm_moveit_config/share/robot_arm_moveit_config/package.xml
