[0.009s] Invoking command in '/home/adrien/robot_arm_ros2(1)/robot_arm_ws/build/robot_arm_moveit_config': AMENT_PREFIX_PATH=/home/adrien/robot_arm_ros2(1)/robot_arm_ws/install/robot_arm_description:${AMENT_PREFIX_PATH} CMAKE_PREFIX_PATH=/home/adrien/robot_arm_ros2(1)/robot_arm_ws/install/robot_arm_description:/home/adrien/ros2_ws/src/robot_arm_ws/src/install/robot_arm_moveit_config:/home/adrien/ros2_ws/src/robot_arm_ws/src/install/robot_arm_description:/home/adrien/ros2_ws/install/robot_arm_description:/home/adrien/ros2_ws/install/my_robot_description:/opt/ros/humble /usr/bin/cmake /home/adrien/robot_arm_ros2(1)/robot_arm_ws/src/robot_arm_moveit_config -DCMAKE_INSTALL_PREFIX=/home/adrien/robot_arm_ros2(1)/robot_arm_ws/install/robot_arm_moveit_config
[0.123s] -- The C compiler identification is GNU 11.4.0
[0.198s] -- The CXX compiler identification is GNU 11.4.0
[0.207s] -- Detecting C compiler ABI info
[0.299s] -- Detecting C compiler ABI info - done
[0.307s] -- Check for working C compiler: /usr/bin/cc - skipped
[0.307s] -- Detecting C compile features
[0.308s] -- Detecting C compile features - done
[0.312s] -- Detecting CXX compiler ABI info
[0.435s] -- Detecting CXX compiler ABI info - done
[0.449s] -- Check for working CXX compiler: /usr/bin/c++ - skipped
[0.451s] -- Detecting CXX compile features
[0.452s] -- Detecting CXX compile features - done
[0.457s] -- Found ament_cmake: 1.3.14 (/opt/ros/humble/share/ament_cmake/cmake)
[0.734s] -- Found Python3: /usr/bin/python3 (found version "3.10.12") found components: Interpreter 
[0.961s] -- Configuring done
[0.965s] -- Generating done
[0.967s] -- Build files have been written to: /home/adrien/robot_arm_ros2(1)/robot_arm_ws/build/robot_arm_moveit_config
[0.973s] Invoked command in '/home/adrien/robot_arm_ros2(1)/robot_arm_ws/build/robot_arm_moveit_config' returned '0': AMENT_PREFIX_PATH=/home/adrien/robot_arm_ros2(1)/robot_arm_ws/install/robot_arm_description:${AMENT_PREFIX_PATH} CMAKE_PREFIX_PATH=/home/adrien/robot_arm_ros2(1)/robot_arm_ws/install/robot_arm_description:/home/adrien/ros2_ws/src/robot_arm_ws/src/install/robot_arm_moveit_config:/home/adrien/ros2_ws/src/robot_arm_ws/src/install/robot_arm_description:/home/adrien/ros2_ws/install/robot_arm_description:/home/adrien/ros2_ws/install/my_robot_description:/opt/ros/humble /usr/bin/cmake /home/adrien/robot_arm_ros2(1)/robot_arm_ws/src/robot_arm_moveit_config -DCMAKE_INSTALL_PREFIX=/home/adrien/robot_arm_ros2(1)/robot_arm_ws/install/robot_arm_moveit_config
[0.974s] Invoking command in '/home/adrien/robot_arm_ros2(1)/robot_arm_ws/build/robot_arm_moveit_config': AMENT_PREFIX_PATH=/home/adrien/robot_arm_ros2(1)/robot_arm_ws/install/robot_arm_description:${AMENT_PREFIX_PATH} CMAKE_PREFIX_PATH=/home/adrien/robot_arm_ros2(1)/robot_arm_ws/install/robot_arm_description:/home/adrien/ros2_ws/src/robot_arm_ws/src/install/robot_arm_moveit_config:/home/adrien/ros2_ws/src/robot_arm_ws/src/install/robot_arm_description:/home/adrien/ros2_ws/install/robot_arm_description:/home/adrien/ros2_ws/install/my_robot_description:/opt/ros/humble /usr/bin/cmake --build /home/adrien/robot_arm_ros2(1)/robot_arm_ws/build/robot_arm_moveit_config -- -j1 -l1
[1.050s] Invoked command in '/home/adrien/robot_arm_ros2(1)/robot_arm_ws/build/robot_arm_moveit_config' returned '0': AMENT_PREFIX_PATH=/home/adrien/robot_arm_ros2(1)/robot_arm_ws/install/robot_arm_description:${AMENT_PREFIX_PATH} CMAKE_PREFIX_PATH=/home/adrien/robot_arm_ros2(1)/robot_arm_ws/install/robot_arm_description:/home/adrien/ros2_ws/src/robot_arm_ws/src/install/robot_arm_moveit_config:/home/adrien/ros2_ws/src/robot_arm_ws/src/install/robot_arm_description:/home/adrien/ros2_ws/install/robot_arm_description:/home/adrien/ros2_ws/install/my_robot_description:/opt/ros/humble /usr/bin/cmake --build /home/adrien/robot_arm_ros2(1)/robot_arm_ws/build/robot_arm_moveit_config -- -j1 -l1
[1.052s] Invoking command in '/home/adrien/robot_arm_ros2(1)/robot_arm_ws/build/robot_arm_moveit_config': AMENT_PREFIX_PATH=/home/adrien/robot_arm_ros2(1)/robot_arm_ws/install/robot_arm_description:${AMENT_PREFIX_PATH} CMAKE_PREFIX_PATH=/home/adrien/robot_arm_ros2(1)/robot_arm_ws/install/robot_arm_description:/home/adrien/ros2_ws/src/robot_arm_ws/src/install/robot_arm_moveit_config:/home/adrien/ros2_ws/src/robot_arm_ws/src/install/robot_arm_description:/home/adrien/ros2_ws/install/robot_arm_description:/home/adrien/ros2_ws/install/my_robot_description:/opt/ros/humble /usr/bin/cmake --install /home/adrien/robot_arm_ros2(1)/robot_arm_ws/build/robot_arm_moveit_config
[1.062s] -- Install configuration: ""
[1.062s] -- Installing: /home/adrien/robot_arm_ros2(1)/robot_arm_ws/install/robot_arm_moveit_config/share/robot_arm_moveit_config/config
[1.062s] -- Installing: /home/adrien/robot_arm_ros2(1)/robot_arm_ws/install/robot_arm_moveit_config/share/robot_arm_moveit_config/config/kinematics.yaml
[1.062s] -- Installing: /home/adrien/robot_arm_ros2(1)/robot_arm_ws/install/robot_arm_moveit_config/share/robot_arm_moveit_config/config/ompl_planning.yaml
[1.062s] -- Installing: /home/adrien/robot_arm_ros2(1)/robot_arm_ws/install/robot_arm_moveit_config/share/robot_arm_moveit_config/config/moveit_controllers.yaml
[1.062s] -- Installing: /home/adrien/robot_arm_ros2(1)/robot_arm_ws/install/robot_arm_moveit_config/share/robot_arm_moveit_config/config/robot_arm.srdf
[1.063s] -- Installing: /home/adrien/robot_arm_ros2(1)/robot_arm_ws/install/robot_arm_moveit_config/share/robot_arm_moveit_config/config/joint_limits.yaml
[1.063s] -- Installing: /home/adrien/robot_arm_ros2(1)/robot_arm_ws/install/robot_arm_moveit_config/share/robot_arm_moveit_config/launch
[1.063s] -- Installing: /home/adrien/robot_arm_ros2(1)/robot_arm_ws/install/robot_arm_moveit_config/share/robot_arm_moveit_config/launch/demo.launch.py
[1.064s] -- Installing: /home/adrien/robot_arm_ros2(1)/robot_arm_ws/install/robot_arm_moveit_config/share/ament_index/resource_index/package_run_dependencies/robot_arm_moveit_config
[1.064s] -- Installing: /home/adrien/robot_arm_ros2(1)/robot_arm_ws/install/robot_arm_moveit_config/share/ament_index/resource_index/parent_prefix_path/robot_arm_moveit_config
[1.064s] -- Installing: /home/adrien/robot_arm_ros2(1)/robot_arm_ws/install/robot_arm_moveit_config/share/robot_arm_moveit_config/environment/ament_prefix_path.sh
[1.065s] -- Installing: /home/adrien/robot_arm_ros2(1)/robot_arm_ws/install/robot_arm_moveit_config/share/robot_arm_moveit_config/environment/ament_prefix_path.dsv
[1.065s] -- Installing: /home/adrien/robot_arm_ros2(1)/robot_arm_ws/install/robot_arm_moveit_config/share/robot_arm_moveit_config/environment/path.sh
[1.065s] -- Installing: /home/adrien/robot_arm_ros2(1)/robot_arm_ws/install/robot_arm_moveit_config/share/robot_arm_moveit_config/environment/path.dsv
[1.066s] -- Installing: /home/adrien/robot_arm_ros2(1)/robot_arm_ws/install/robot_arm_moveit_config/share/robot_arm_moveit_config/local_setup.bash
[1.066s] -- Installing: /home/adrien/robot_arm_ros2(1)/robot_arm_ws/install/robot_arm_moveit_config/share/robot_arm_moveit_config/local_setup.sh
[1.066s] -- Installing: /home/adrien/robot_arm_ros2(1)/robot_arm_ws/install/robot_arm_moveit_config/share/robot_arm_moveit_config/local_setup.zsh
[1.066s] -- Installing: /home/adrien/robot_arm_ros2(1)/robot_arm_ws/install/robot_arm_moveit_config/share/robot_arm_moveit_config/local_setup.dsv
[1.067s] -- Installing: /home/adrien/robot_arm_ros2(1)/robot_arm_ws/install/robot_arm_moveit_config/share/robot_arm_moveit_config/package.dsv
[1.067s] -- Installing: /home/adrien/robot_arm_ros2(1)/robot_arm_ws/install/robot_arm_moveit_config/share/ament_index/resource_index/packages/robot_arm_moveit_config
[1.067s] -- Installing: /home/adrien/robot_arm_ros2(1)/robot_arm_ws/install/robot_arm_moveit_config/share/robot_arm_moveit_config/cmake/robot_arm_moveit_configConfig.cmake
[1.067s] -- Installing: /home/adrien/robot_arm_ros2(1)/robot_arm_ws/install/robot_arm_moveit_config/share/robot_arm_moveit_config/cmake/robot_arm_moveit_configConfig-version.cmake
[1.069s] -- Installing: /home/adrien/robot_arm_ros2(1)/robot_arm_ws/install/robot_arm_moveit_config/share/robot_arm_moveit_config/package.xml
[1.070s] Invoked command in '/home/adrien/robot_arm_ros2(1)/robot_arm_ws/build/robot_arm_moveit_config' returned '0': AMENT_PREFIX_PATH=/home/adrien/robot_arm_ros2(1)/robot_arm_ws/install/robot_arm_description:${AMENT_PREFIX_PATH} CMAKE_PREFIX_PATH=/home/adrien/robot_arm_ros2(1)/robot_arm_ws/install/robot_arm_description:/home/adrien/ros2_ws/src/robot_arm_ws/src/install/robot_arm_moveit_config:/home/adrien/ros2_ws/src/robot_arm_ws/src/install/robot_arm_description:/home/adrien/ros2_ws/install/robot_arm_description:/home/adrien/ros2_ws/install/my_robot_description:/opt/ros/humble /usr/bin/cmake --install /home/adrien/robot_arm_ros2(1)/robot_arm_ws/build/robot_arm_moveit_config
