[0.532s] DEBUG:colcon:Command line arguments: ['/usr/bin/colcon', 'build']
[0.532s] DEBUG:colcon:Parsed command line arguments: Namespace(log_base=None, log_level=None, verb_name='build', build_base='build', install_base='install', merge_install=False, symlink_install=False, test_result_base=None, continue_on_error=False, executor='parallel', parallel_workers=1, event_handlers=None, ignore_user_meta=False, metas=['./colcon.meta'], base_paths=['.'], packages_ignore=None, packages_ignore_regex=None, paths=None, packages_up_to=None, packages_up_to_regex=None, packages_above=None, packages_above_and_dependencies=None, packages_above_depth=None, packages_select_by_dep=None, packages_skip_by_dep=None, packages_skip_up_to=None, packages_select_build_failed=False, packages_skip_build_finished=False, packages_select_test_failures=False, packages_skip_test_passed=False, packages_select=None, packages_skip=None, packages_select_regex=None, packages_skip_regex=None, packages_start=None, packages_end=None, allow_overriding=[], cmake_args=None, cmake_target=None, cmake_target_skip_unavailable=False, cmake_clean_cache=False, cmake_clean_first=False, cmake_force_configure=False, ament_cmake_args=None, catkin_cmake_args=None, catkin_skip_building_tests=False, verb_parser=<colcon_defaults.argument_parser.defaults.DefaultArgumentsDecorator object at 0x7bc343c27310>, verb_extension=<colcon_core.verb.build.BuildVerb object at 0x7bc343c26e00>, main=<bound method BuildVerb.main of <colcon_core.verb.build.BuildVerb object at 0x7bc343c26e00>>)
[0.893s] Level 1:colcon.colcon_core.package_discovery:discover_packages(colcon_meta) check parameters
[0.893s] Level 1:colcon.colcon_core.package_discovery:discover_packages(recursive) check parameters
[0.893s] Level 1:colcon.colcon_core.package_discovery:discover_packages(ignore) check parameters
[0.893s] Level 1:colcon.colcon_core.package_discovery:discover_packages(path) check parameters
[0.893s] Level 1:colcon.colcon_core.package_discovery:discover_packages(colcon_meta) discover
[0.893s] Level 1:colcon.colcon_core.package_discovery:discover_packages(recursive) discover
[0.893s] INFO:colcon.colcon_core.package_discovery:Crawling recursively for packages in '/home/adrien/robot_arm_ros2(1)/robot_arm_ws'
[0.893s] Level 1:colcon.colcon_core.package_identification:_identify(.) by extensions ['ignore', 'ignore_ament_install']
[0.893s] Level 1:colcon.colcon_core.package_identification:_identify(.) by extension 'ignore'
[0.893s] Level 1:colcon.colcon_core.package_identification:_identify(.) by extension 'ignore_ament_install'
[0.893s] Level 1:colcon.colcon_core.package_identification:_identify(.) by extensions ['colcon_pkg']
[0.893s] Level 1:colcon.colcon_core.package_identification:_identify(.) by extension 'colcon_pkg'
[0.893s] Level 1:colcon.colcon_core.package_identification:_identify(.) by extensions ['colcon_meta']
[0.893s] Level 1:colcon.colcon_core.package_identification:_identify(.) by extension 'colcon_meta'
[0.893s] Level 1:colcon.colcon_core.package_identification:_identify(.) by extensions ['ros']
[0.893s] Level 1:colcon.colcon_core.package_identification:_identify(.) by extension 'ros'
[0.913s] Level 1:colcon.colcon_core.package_identification:_identify(.) by extensions ['cmake', 'python']
[0.913s] Level 1:colcon.colcon_core.package_identification:_identify(.) by extension 'cmake'
[0.913s] Level 1:colcon.colcon_core.package_identification:_identify(.) by extension 'python'
[0.913s] Level 1:colcon.colcon_core.package_identification:_identify(.) by extensions ['python_setup_py']
[0.913s] Level 1:colcon.colcon_core.package_identification:_identify(.) by extension 'python_setup_py'
[0.913s] Level 1:colcon.colcon_core.package_identification:_identify(build) by extensions ['ignore', 'ignore_ament_install']
[0.913s] Level 1:colcon.colcon_core.package_identification:_identify(build) by extension 'ignore'
[0.913s] Level 1:colcon.colcon_core.package_identification:_identify(build) ignored
[0.913s] Level 1:colcon.colcon_core.package_identification:_identify(install) by extensions ['ignore', 'ignore_ament_install']
[0.913s] Level 1:colcon.colcon_core.package_identification:_identify(install) by extension 'ignore'
[0.913s] Level 1:colcon.colcon_core.package_identification:_identify(install) ignored
[0.913s] Level 1:colcon.colcon_core.package_identification:_identify(log) by extensions ['ignore', 'ignore_ament_install']
[0.914s] Level 1:colcon.colcon_core.package_identification:_identify(log) by extension 'ignore'
[0.914s] Level 1:colcon.colcon_core.package_identification:_identify(log) ignored
[0.914s] Level 1:colcon.colcon_core.package_identification:_identify(src) by extensions ['ignore', 'ignore_ament_install']
[0.914s] Level 1:colcon.colcon_core.package_identification:_identify(src) by extension 'ignore'
[0.914s] Level 1:colcon.colcon_core.package_identification:_identify(src) by extension 'ignore_ament_install'
[0.914s] Level 1:colcon.colcon_core.package_identification:_identify(src) by extensions ['colcon_pkg']
[0.914s] Level 1:colcon.colcon_core.package_identification:_identify(src) by extension 'colcon_pkg'
[0.914s] Level 1:colcon.colcon_core.package_identification:_identify(src) by extensions ['colcon_meta']
[0.914s] Level 1:colcon.colcon_core.package_identification:_identify(src) by extension 'colcon_meta'
[0.914s] Level 1:colcon.colcon_core.package_identification:_identify(src) by extensions ['ros']
[0.914s] Level 1:colcon.colcon_core.package_identification:_identify(src) by extension 'ros'
[0.914s] Level 1:colcon.colcon_core.package_identification:_identify(src) by extensions ['cmake', 'python']
[0.914s] Level 1:colcon.colcon_core.package_identification:_identify(src) by extension 'cmake'
[0.914s] Level 1:colcon.colcon_core.package_identification:_identify(src) by extension 'python'
[0.914s] Level 1:colcon.colcon_core.package_identification:_identify(src) by extensions ['python_setup_py']
[0.914s] Level 1:colcon.colcon_core.package_identification:_identify(src) by extension 'python_setup_py'
[0.914s] Level 1:colcon.colcon_core.package_identification:_identify(src/robot_arm_description) by extensions ['ignore', 'ignore_ament_install']
[0.914s] Level 1:colcon.colcon_core.package_identification:_identify(src/robot_arm_description) by extension 'ignore'
[0.915s] Level 1:colcon.colcon_core.package_identification:_identify(src/robot_arm_description) by extension 'ignore_ament_install'
[0.915s] Level 1:colcon.colcon_core.package_identification:_identify(src/robot_arm_description) by extensions ['colcon_pkg']
[0.915s] Level 1:colcon.colcon_core.package_identification:_identify(src/robot_arm_description) by extension 'colcon_pkg'
[0.915s] Level 1:colcon.colcon_core.package_identification:_identify(src/robot_arm_description) by extensions ['colcon_meta']
[0.915s] Level 1:colcon.colcon_core.package_identification:_identify(src/robot_arm_description) by extension 'colcon_meta'
[0.915s] Level 1:colcon.colcon_core.package_identification:_identify(src/robot_arm_description) by extensions ['ros']
[0.915s] Level 1:colcon.colcon_core.package_identification:_identify(src/robot_arm_description) by extension 'ros'
[0.920s] DEBUG:colcon.colcon_core.package_identification:Package 'src/robot_arm_description' with type 'ros.ament_cmake' and name 'robot_arm_description'
[0.921s] Level 1:colcon.colcon_core.package_identification:_identify(src/robot_arm_moveit_config) by extensions ['ignore', 'ignore_ament_install']
[0.921s] Level 1:colcon.colcon_core.package_identification:_identify(src/robot_arm_moveit_config) by extension 'ignore'
[0.921s] Level 1:colcon.colcon_core.package_identification:_identify(src/robot_arm_moveit_config) by extension 'ignore_ament_install'
[0.921s] Level 1:colcon.colcon_core.package_identification:_identify(src/robot_arm_moveit_config) by extensions ['colcon_pkg']
[0.921s] Level 1:colcon.colcon_core.package_identification:_identify(src/robot_arm_moveit_config) by extension 'colcon_pkg'
[0.921s] Level 1:colcon.colcon_core.package_identification:_identify(src/robot_arm_moveit_config) by extensions ['colcon_meta']
[0.921s] Level 1:colcon.colcon_core.package_identification:_identify(src/robot_arm_moveit_config) by extension 'colcon_meta'
[0.922s] Level 1:colcon.colcon_core.package_identification:_identify(src/robot_arm_moveit_config) by extensions ['ros']
[0.922s] Level 1:colcon.colcon_core.package_identification:_identify(src/robot_arm_moveit_config) by extension 'ros'
[0.923s] DEBUG:colcon.colcon_core.package_identification:Package 'src/robot_arm_moveit_config' with type 'ros.ament_cmake' and name 'robot_arm_moveit_config'
[0.923s] Level 1:colcon.colcon_core.package_discovery:discover_packages(recursive) using defaults
[0.923s] Level 1:colcon.colcon_core.package_discovery:discover_packages(ignore) discover
[0.923s] Level 1:colcon.colcon_core.package_discovery:discover_packages(ignore) using defaults
[0.923s] Level 1:colcon.colcon_core.package_discovery:discover_packages(path) discover
[0.923s] Level 1:colcon.colcon_core.package_discovery:discover_packages(path) using defaults
[0.971s] Level 1:colcon.colcon_core.package_discovery:discover_packages(prefix_path) check parameters
[0.971s] Level 1:colcon.colcon_core.package_discovery:discover_packages(prefix_path) discover
[0.989s] DEBUG:colcon.colcon_installed_package_information.package_discovery:Found 2 installed packages in /home/adrien/robot_arm_ros2(1)/robot_arm_ws/install
[0.992s] DEBUG:colcon.colcon_installed_package_information.package_discovery:Found 2 installed packages in /home/adrien/ros2_ws/src/robot_arm_ws/src/install
[0.997s] DEBUG:colcon.colcon_installed_package_information.package_discovery:Found 2 installed packages in /home/adrien/ros2_ws/install
[1.003s] DEBUG:colcon.colcon_installed_package_information.package_discovery:Found 321 installed packages in /opt/ros/humble
[1.021s] Level 1:colcon.colcon_core.package_discovery:discover_packages(prefix_path) using defaults
[1.177s] Level 5:colcon.colcon_core.verb:set package 'robot_arm_description' build argument 'cmake_args' from command line to 'None'
[1.177s] Level 5:colcon.colcon_core.verb:set package 'robot_arm_description' build argument 'cmake_target' from command line to 'None'
[1.177s] Level 5:colcon.colcon_core.verb:set package 'robot_arm_description' build argument 'cmake_target_skip_unavailable' from command line to 'False'
[1.177s] Level 5:colcon.colcon_core.verb:set package 'robot_arm_description' build argument 'cmake_clean_cache' from command line to 'False'
[1.177s] Level 5:colcon.colcon_core.verb:set package 'robot_arm_description' build argument 'cmake_clean_first' from command line to 'False'
[1.177s] Level 5:colcon.colcon_core.verb:set package 'robot_arm_description' build argument 'cmake_force_configure' from command line to 'False'
[1.177s] Level 5:colcon.colcon_core.verb:set package 'robot_arm_description' build argument 'ament_cmake_args' from command line to 'None'
[1.177s] Level 5:colcon.colcon_core.verb:set package 'robot_arm_description' build argument 'catkin_cmake_args' from command line to 'None'
[1.177s] Level 5:colcon.colcon_core.verb:set package 'robot_arm_description' build argument 'catkin_skip_building_tests' from command line to 'False'
[1.177s] DEBUG:colcon.colcon_core.verb:Building package 'robot_arm_description' with the following arguments: {'ament_cmake_args': None, 'build_base': '/home/adrien/robot_arm_ros2(1)/robot_arm_ws/build/robot_arm_description', 'catkin_cmake_args': None, 'catkin_skip_building_tests': False, 'cmake_args': None, 'cmake_clean_cache': False, 'cmake_clean_first': False, 'cmake_force_configure': False, 'cmake_target': None, 'cmake_target_skip_unavailable': False, 'install_base': '/home/adrien/robot_arm_ros2(1)/robot_arm_ws/install/robot_arm_description', 'merge_install': False, 'path': '/home/adrien/robot_arm_ros2(1)/robot_arm_ws/src/robot_arm_description', 'symlink_install': False, 'test_result_base': None}
[1.178s] Level 5:colcon.colcon_core.verb:set package 'robot_arm_moveit_config' build argument 'cmake_args' from command line to 'None'
[1.178s] Level 5:colcon.colcon_core.verb:set package 'robot_arm_moveit_config' build argument 'cmake_target' from command line to 'None'
[1.178s] Level 5:colcon.colcon_core.verb:set package 'robot_arm_moveit_config' build argument 'cmake_target_skip_unavailable' from command line to 'False'
[1.178s] Level 5:colcon.colcon_core.verb:set package 'robot_arm_moveit_config' build argument 'cmake_clean_cache' from command line to 'False'
[1.178s] Level 5:colcon.colcon_core.verb:set package 'robot_arm_moveit_config' build argument 'cmake_clean_first' from command line to 'False'
[1.178s] Level 5:colcon.colcon_core.verb:set package 'robot_arm_moveit_config' build argument 'cmake_force_configure' from command line to 'False'
[1.178s] Level 5:colcon.colcon_core.verb:set package 'robot_arm_moveit_config' build argument 'ament_cmake_args' from command line to 'None'
[1.178s] Level 5:colcon.colcon_core.verb:set package 'robot_arm_moveit_config' build argument 'catkin_cmake_args' from command line to 'None'
[1.178s] Level 5:colcon.colcon_core.verb:set package 'robot_arm_moveit_config' build argument 'catkin_skip_building_tests' from command line to 'False'
[1.178s] DEBUG:colcon.colcon_core.verb:Building package 'robot_arm_moveit_config' with the following arguments: {'ament_cmake_args': None, 'build_base': '/home/adrien/robot_arm_ros2(1)/robot_arm_ws/build/robot_arm_moveit_config', 'catkin_cmake_args': None, 'catkin_skip_building_tests': False, 'cmake_args': None, 'cmake_clean_cache': False, 'cmake_clean_first': False, 'cmake_force_configure': False, 'cmake_target': None, 'cmake_target_skip_unavailable': False, 'install_base': '/home/adrien/robot_arm_ros2(1)/robot_arm_ws/install/robot_arm_moveit_config', 'merge_install': False, 'path': '/home/adrien/robot_arm_ros2(1)/robot_arm_ws/src/robot_arm_moveit_config', 'symlink_install': False, 'test_result_base': None}
[1.178s] INFO:colcon.colcon_core.executor:Executing jobs using 'parallel' executor
[1.179s] DEBUG:colcon.colcon_parallel_executor.executor.parallel:run_until_complete
[1.180s] INFO:colcon.colcon_ros.task.ament_cmake.build:Building ROS package in '/home/adrien/robot_arm_ros2(1)/robot_arm_ws/src/robot_arm_description' with build type 'ament_cmake'
[1.180s] INFO:colcon.colcon_cmake.task.cmake.build:Building CMake package in '/home/adrien/robot_arm_ros2(1)/robot_arm_ws/src/robot_arm_description'
[1.192s] INFO:colcon.colcon_core.plugin_system:Skipping extension 'colcon_core.shell.bat': Not used on non-Windows systems
[1.192s] INFO:colcon.colcon_core.shell:Skip shell extension 'powershell' for command environment: Not usable outside of PowerShell
[1.192s] DEBUG:colcon.colcon_core.shell:Skip shell extension 'dsv' for command environment
[1.213s] DEBUG:colcon.colcon_core.event_handler.log_command:Invoking command in '/home/adrien/robot_arm_ros2(1)/robot_arm_ws/build/robot_arm_description': CMAKE_PREFIX_PATH=${CMAKE_PREFIX_PATH}:/opt/ros/humble /usr/bin/cmake --build /home/adrien/robot_arm_ros2(1)/robot_arm_ws/build/robot_arm_description -- -j1 -l1
[1.412s] DEBUG:colcon.colcon_core.event_handler.log_command:Invoked command in '/home/adrien/robot_arm_ros2(1)/robot_arm_ws/build/robot_arm_description' returned '0': CMAKE_PREFIX_PATH=${CMAKE_PREFIX_PATH}:/opt/ros/humble /usr/bin/cmake --build /home/adrien/robot_arm_ros2(1)/robot_arm_ws/build/robot_arm_description -- -j1 -l1
[1.438s] DEBUG:colcon.colcon_core.event_handler.log_command:Invoking command in '/home/adrien/robot_arm_ros2(1)/robot_arm_ws/build/robot_arm_description': CMAKE_PREFIX_PATH=${CMAKE_PREFIX_PATH}:/opt/ros/humble /usr/bin/cmake --install /home/adrien/robot_arm_ros2(1)/robot_arm_ws/build/robot_arm_description
[1.463s] Level 1:colcon.colcon_core.environment:create_environment_scripts_only(robot_arm_description)
[1.464s] DEBUG:colcon.colcon_core.event_handler.log_command:Invoked command in '/home/adrien/robot_arm_ros2(1)/robot_arm_ws/build/robot_arm_description' returned '0': CMAKE_PREFIX_PATH=${CMAKE_PREFIX_PATH}:/opt/ros/humble /usr/bin/cmake --install /home/adrien/robot_arm_ros2(1)/robot_arm_ws/build/robot_arm_description
[1.475s] Level 1:colcon.colcon_core.environment:checking '/home/adrien/robot_arm_ros2(1)/robot_arm_ws/install/robot_arm_description' for CMake module files
[1.476s] Level 1:colcon.colcon_core.environment:checking '/home/adrien/robot_arm_ros2(1)/robot_arm_ws/install/robot_arm_description' for CMake config files
[1.477s] Level 1:colcon.colcon_core.shell:create_environment_hook('robot_arm_description', 'cmake_prefix_path')
[1.477s] INFO:colcon.colcon_core.shell:Creating environment hook '/home/adrien/robot_arm_ros2(1)/robot_arm_ws/install/robot_arm_description/share/robot_arm_description/hook/cmake_prefix_path.ps1'
[1.479s] INFO:colcon.colcon_core.shell:Creating environment descriptor '/home/adrien/robot_arm_ros2(1)/robot_arm_ws/install/robot_arm_description/share/robot_arm_description/hook/cmake_prefix_path.dsv'
[1.480s] INFO:colcon.colcon_core.shell:Creating environment hook '/home/adrien/robot_arm_ros2(1)/robot_arm_ws/install/robot_arm_description/share/robot_arm_description/hook/cmake_prefix_path.sh'
[1.482s] Level 1:colcon.colcon_core.environment:checking '/home/adrien/robot_arm_ros2(1)/robot_arm_ws/install/robot_arm_description/bin'
[1.482s] Level 1:colcon.colcon_core.environment:checking '/home/adrien/robot_arm_ros2(1)/robot_arm_ws/install/robot_arm_description/lib/pkgconfig/robot_arm_description.pc'
[1.482s] Level 1:colcon.colcon_core.environment:checking '/home/adrien/robot_arm_ros2(1)/robot_arm_ws/install/robot_arm_description/lib/python3.10/site-packages'
[1.483s] Level 1:colcon.colcon_core.environment:checking '/home/adrien/robot_arm_ros2(1)/robot_arm_ws/install/robot_arm_description/bin'
[1.483s] INFO:colcon.colcon_core.shell:Creating package script '/home/adrien/robot_arm_ros2(1)/robot_arm_ws/install/robot_arm_description/share/robot_arm_description/package.ps1'
[1.485s] INFO:colcon.colcon_core.shell:Creating package descriptor '/home/adrien/robot_arm_ros2(1)/robot_arm_ws/install/robot_arm_description/share/robot_arm_description/package.dsv'
[1.486s] INFO:colcon.colcon_core.shell:Creating package script '/home/adrien/robot_arm_ros2(1)/robot_arm_ws/install/robot_arm_description/share/robot_arm_description/package.sh'
[1.488s] INFO:colcon.colcon_core.shell:Creating package script '/home/adrien/robot_arm_ros2(1)/robot_arm_ws/install/robot_arm_description/share/robot_arm_description/package.bash'
[1.490s] INFO:colcon.colcon_core.shell:Creating package script '/home/adrien/robot_arm_ros2(1)/robot_arm_ws/install/robot_arm_description/share/robot_arm_description/package.zsh'
[1.491s] Level 1:colcon.colcon_core.environment:create_file_with_runtime_dependencies(/home/adrien/robot_arm_ros2(1)/robot_arm_ws/install/robot_arm_description/share/colcon-core/packages/robot_arm_description)
[1.492s] Level 1:colcon.colcon_core.environment:create_environment_scripts_only(robot_arm_description)
[1.492s] Level 1:colcon.colcon_core.environment:checking '/home/adrien/robot_arm_ros2(1)/robot_arm_ws/install/robot_arm_description' for CMake module files
[1.493s] Level 1:colcon.colcon_core.environment:checking '/home/adrien/robot_arm_ros2(1)/robot_arm_ws/install/robot_arm_description' for CMake config files
[1.493s] Level 1:colcon.colcon_core.shell:create_environment_hook('robot_arm_description', 'cmake_prefix_path')
[1.493s] INFO:colcon.colcon_core.shell:Creating environment hook '/home/adrien/robot_arm_ros2(1)/robot_arm_ws/install/robot_arm_description/share/robot_arm_description/hook/cmake_prefix_path.ps1'
[1.495s] INFO:colcon.colcon_core.shell:Creating environment descriptor '/home/adrien/robot_arm_ros2(1)/robot_arm_ws/install/robot_arm_description/share/robot_arm_description/hook/cmake_prefix_path.dsv'
[1.495s] INFO:colcon.colcon_core.shell:Creating environment hook '/home/adrien/robot_arm_ros2(1)/robot_arm_ws/install/robot_arm_description/share/robot_arm_description/hook/cmake_prefix_path.sh'
[1.496s] Level 1:colcon.colcon_core.environment:checking '/home/adrien/robot_arm_ros2(1)/robot_arm_ws/install/robot_arm_description/bin'
[1.496s] Level 1:colcon.colcon_core.environment:checking '/home/adrien/robot_arm_ros2(1)/robot_arm_ws/install/robot_arm_description/lib/pkgconfig/robot_arm_description.pc'
[1.496s] Level 1:colcon.colcon_core.environment:checking '/home/adrien/robot_arm_ros2(1)/robot_arm_ws/install/robot_arm_description/lib/python3.10/site-packages'
[1.497s] Level 1:colcon.colcon_core.environment:checking '/home/adrien/robot_arm_ros2(1)/robot_arm_ws/install/robot_arm_description/bin'
[1.497s] INFO:colcon.colcon_core.shell:Creating package script '/home/adrien/robot_arm_ros2(1)/robot_arm_ws/install/robot_arm_description/share/robot_arm_description/package.ps1'
[1.498s] INFO:colcon.colcon_core.shell:Creating package descriptor '/home/adrien/robot_arm_ros2(1)/robot_arm_ws/install/robot_arm_description/share/robot_arm_description/package.dsv'
[1.499s] INFO:colcon.colcon_core.shell:Creating package script '/home/adrien/robot_arm_ros2(1)/robot_arm_ws/install/robot_arm_description/share/robot_arm_description/package.sh'
[1.500s] INFO:colcon.colcon_core.shell:Creating package script '/home/adrien/robot_arm_ros2(1)/robot_arm_ws/install/robot_arm_description/share/robot_arm_description/package.bash'
[1.500s] INFO:colcon.colcon_core.shell:Creating package script '/home/adrien/robot_arm_ros2(1)/robot_arm_ws/install/robot_arm_description/share/robot_arm_description/package.zsh'
[1.501s] Level 1:colcon.colcon_core.environment:create_file_with_runtime_dependencies(/home/adrien/robot_arm_ros2(1)/robot_arm_ws/install/robot_arm_description/share/colcon-core/packages/robot_arm_description)
[1.502s] INFO:colcon.colcon_ros.task.ament_cmake.build:Building ROS package in '/home/adrien/robot_arm_ros2(1)/robot_arm_ws/src/robot_arm_moveit_config' with build type 'ament_cmake'
[1.502s] INFO:colcon.colcon_cmake.task.cmake.build:Building CMake package in '/home/adrien/robot_arm_ros2(1)/robot_arm_ws/src/robot_arm_moveit_config'
[1.502s] INFO:colcon.colcon_core.shell:Skip shell extension 'powershell' for command environment: Not usable outside of PowerShell
[1.502s] DEBUG:colcon.colcon_core.shell:Skip shell extension 'dsv' for command environment
[1.525s] DEBUG:colcon.colcon_core.event_handler.log_command:Invoking command in '/home/adrien/robot_arm_ros2(1)/robot_arm_ws/build/robot_arm_moveit_config': CMAKE_PREFIX_PATH=/home/adrien/robot_arm_ros2(1)/robot_arm_ws/install/robot_arm_description:/home/adrien/robot_arm_ros2(1)/robot_arm_ws/install/robot_arm_moveit_config:/home/adrien/ros2_ws/src/robot_arm_ws/src/install/robot_arm_moveit_config:/home/adrien/ros2_ws/src/robot_arm_ws/src/install/robot_arm_description:/home/adrien/ros2_ws/install/robot_arm_description:/home/adrien/ros2_ws/install/my_robot_description:/opt/ros/humble /usr/bin/cmake --build /home/adrien/robot_arm_ros2(1)/robot_arm_ws/build/robot_arm_moveit_config -- -j1 -l1
[1.658s] DEBUG:colcon.colcon_core.event_handler.log_command:Invoked command in '/home/adrien/robot_arm_ros2(1)/robot_arm_ws/build/robot_arm_moveit_config' returned '0': CMAKE_PREFIX_PATH=/home/adrien/robot_arm_ros2(1)/robot_arm_ws/install/robot_arm_description:/home/adrien/robot_arm_ros2(1)/robot_arm_ws/install/robot_arm_moveit_config:/home/adrien/ros2_ws/src/robot_arm_ws/src/install/robot_arm_moveit_config:/home/adrien/ros2_ws/src/robot_arm_ws/src/install/robot_arm_description:/home/adrien/ros2_ws/install/robot_arm_description:/home/adrien/ros2_ws/install/my_robot_description:/opt/ros/humble /usr/bin/cmake --build /home/adrien/robot_arm_ros2(1)/robot_arm_ws/build/robot_arm_moveit_config -- -j1 -l1
[1.670s] DEBUG:colcon.colcon_core.event_handler.log_command:Invoking command in '/home/adrien/robot_arm_ros2(1)/robot_arm_ws/build/robot_arm_moveit_config': CMAKE_PREFIX_PATH=/home/adrien/robot_arm_ros2(1)/robot_arm_ws/install/robot_arm_description:/home/adrien/robot_arm_ros2(1)/robot_arm_ws/install/robot_arm_moveit_config:/home/adrien/ros2_ws/src/robot_arm_ws/src/install/robot_arm_moveit_config:/home/adrien/ros2_ws/src/robot_arm_ws/src/install/robot_arm_description:/home/adrien/ros2_ws/install/robot_arm_description:/home/adrien/ros2_ws/install/my_robot_description:/opt/ros/humble /usr/bin/cmake --install /home/adrien/robot_arm_ros2(1)/robot_arm_ws/build/robot_arm_moveit_config
[1.692s] Level 1:colcon.colcon_core.environment:create_environment_scripts_only(robot_arm_moveit_config)
[1.693s] Level 1:colcon.colcon_core.environment:checking '/home/adrien/robot_arm_ros2(1)/robot_arm_ws/install/robot_arm_moveit_config' for CMake module files
[1.693s] DEBUG:colcon.colcon_core.event_handler.log_command:Invoked command in '/home/adrien/robot_arm_ros2(1)/robot_arm_ws/build/robot_arm_moveit_config' returned '0': CMAKE_PREFIX_PATH=/home/adrien/robot_arm_ros2(1)/robot_arm_ws/install/robot_arm_description:/home/adrien/robot_arm_ros2(1)/robot_arm_ws/install/robot_arm_moveit_config:/home/adrien/ros2_ws/src/robot_arm_ws/src/install/robot_arm_moveit_config:/home/adrien/ros2_ws/src/robot_arm_ws/src/install/robot_arm_description:/home/adrien/ros2_ws/install/robot_arm_description:/home/adrien/ros2_ws/install/my_robot_description:/opt/ros/humble /usr/bin/cmake --install /home/adrien/robot_arm_ros2(1)/robot_arm_ws/build/robot_arm_moveit_config
[1.694s] Level 1:colcon.colcon_core.environment:checking '/home/adrien/robot_arm_ros2(1)/robot_arm_ws/install/robot_arm_moveit_config' for CMake config files
[1.694s] Level 1:colcon.colcon_core.shell:create_environment_hook('robot_arm_moveit_config', 'cmake_prefix_path')
[1.694s] INFO:colcon.colcon_core.shell:Creating environment hook '/home/adrien/robot_arm_ros2(1)/robot_arm_ws/install/robot_arm_moveit_config/share/robot_arm_moveit_config/hook/cmake_prefix_path.ps1'
[1.696s] INFO:colcon.colcon_core.shell:Creating environment descriptor '/home/adrien/robot_arm_ros2(1)/robot_arm_ws/install/robot_arm_moveit_config/share/robot_arm_moveit_config/hook/cmake_prefix_path.dsv'
[1.696s] INFO:colcon.colcon_core.shell:Creating environment hook '/home/adrien/robot_arm_ros2(1)/robot_arm_ws/install/robot_arm_moveit_config/share/robot_arm_moveit_config/hook/cmake_prefix_path.sh'
[1.697s] Level 1:colcon.colcon_core.environment:checking '/home/adrien/robot_arm_ros2(1)/robot_arm_ws/install/robot_arm_moveit_config/bin'
[1.697s] Level 1:colcon.colcon_core.environment:checking '/home/adrien/robot_arm_ros2(1)/robot_arm_ws/install/robot_arm_moveit_config/lib/pkgconfig/robot_arm_moveit_config.pc'
[1.697s] Level 1:colcon.colcon_core.environment:checking '/home/adrien/robot_arm_ros2(1)/robot_arm_ws/install/robot_arm_moveit_config/lib/python3.10/site-packages'
[1.698s] Level 1:colcon.colcon_core.environment:checking '/home/adrien/robot_arm_ros2(1)/robot_arm_ws/install/robot_arm_moveit_config/bin'
[1.698s] INFO:colcon.colcon_core.shell:Creating package script '/home/adrien/robot_arm_ros2(1)/robot_arm_ws/install/robot_arm_moveit_config/share/robot_arm_moveit_config/package.ps1'
[1.699s] INFO:colcon.colcon_core.shell:Creating package descriptor '/home/adrien/robot_arm_ros2(1)/robot_arm_ws/install/robot_arm_moveit_config/share/robot_arm_moveit_config/package.dsv'
[1.701s] INFO:colcon.colcon_core.shell:Creating package script '/home/adrien/robot_arm_ros2(1)/robot_arm_ws/install/robot_arm_moveit_config/share/robot_arm_moveit_config/package.sh'
[1.702s] INFO:colcon.colcon_core.shell:Creating package script '/home/adrien/robot_arm_ros2(1)/robot_arm_ws/install/robot_arm_moveit_config/share/robot_arm_moveit_config/package.bash'
[1.702s] INFO:colcon.colcon_core.shell:Creating package script '/home/adrien/robot_arm_ros2(1)/robot_arm_ws/install/robot_arm_moveit_config/share/robot_arm_moveit_config/package.zsh'
[1.703s] Level 1:colcon.colcon_core.environment:create_file_with_runtime_dependencies(/home/adrien/robot_arm_ros2(1)/robot_arm_ws/install/robot_arm_moveit_config/share/colcon-core/packages/robot_arm_moveit_config)
[1.703s] Level 1:colcon.colcon_core.environment:create_environment_scripts_only(robot_arm_moveit_config)
[1.704s] Level 1:colcon.colcon_core.environment:checking '/home/adrien/robot_arm_ros2(1)/robot_arm_ws/install/robot_arm_moveit_config' for CMake module files
[1.704s] Level 1:colcon.colcon_core.environment:checking '/home/adrien/robot_arm_ros2(1)/robot_arm_ws/install/robot_arm_moveit_config' for CMake config files
[1.704s] Level 1:colcon.colcon_core.shell:create_environment_hook('robot_arm_moveit_config', 'cmake_prefix_path')
[1.705s] INFO:colcon.colcon_core.shell:Creating environment hook '/home/adrien/robot_arm_ros2(1)/robot_arm_ws/install/robot_arm_moveit_config/share/robot_arm_moveit_config/hook/cmake_prefix_path.ps1'
[1.705s] INFO:colcon.colcon_core.shell:Creating environment descriptor '/home/adrien/robot_arm_ros2(1)/robot_arm_ws/install/robot_arm_moveit_config/share/robot_arm_moveit_config/hook/cmake_prefix_path.dsv'
[1.706s] INFO:colcon.colcon_core.shell:Creating environment hook '/home/adrien/robot_arm_ros2(1)/robot_arm_ws/install/robot_arm_moveit_config/share/robot_arm_moveit_config/hook/cmake_prefix_path.sh'
[1.707s] Level 1:colcon.colcon_core.environment:checking '/home/adrien/robot_arm_ros2(1)/robot_arm_ws/install/robot_arm_moveit_config/bin'
[1.707s] Level 1:colcon.colcon_core.environment:checking '/home/adrien/robot_arm_ros2(1)/robot_arm_ws/install/robot_arm_moveit_config/lib/pkgconfig/robot_arm_moveit_config.pc'
[1.707s] Level 1:colcon.colcon_core.environment:checking '/home/adrien/robot_arm_ros2(1)/robot_arm_ws/install/robot_arm_moveit_config/lib/python3.10/site-packages'
[1.707s] Level 1:colcon.colcon_core.environment:checking '/home/adrien/robot_arm_ros2(1)/robot_arm_ws/install/robot_arm_moveit_config/bin'
[1.708s] INFO:colcon.colcon_core.shell:Creating package script '/home/adrien/robot_arm_ros2(1)/robot_arm_ws/install/robot_arm_moveit_config/share/robot_arm_moveit_config/package.ps1'
[1.709s] INFO:colcon.colcon_core.shell:Creating package descriptor '/home/adrien/robot_arm_ros2(1)/robot_arm_ws/install/robot_arm_moveit_config/share/robot_arm_moveit_config/package.dsv'
[1.709s] INFO:colcon.colcon_core.shell:Creating package script '/home/adrien/robot_arm_ros2(1)/robot_arm_ws/install/robot_arm_moveit_config/share/robot_arm_moveit_config/package.sh'
[1.710s] INFO:colcon.colcon_core.shell:Creating package script '/home/adrien/robot_arm_ros2(1)/robot_arm_ws/install/robot_arm_moveit_config/share/robot_arm_moveit_config/package.bash'
[1.710s] INFO:colcon.colcon_core.shell:Creating package script '/home/adrien/robot_arm_ros2(1)/robot_arm_ws/install/robot_arm_moveit_config/share/robot_arm_moveit_config/package.zsh'
[1.711s] Level 1:colcon.colcon_core.environment:create_file_with_runtime_dependencies(/home/adrien/robot_arm_ros2(1)/robot_arm_ws/install/robot_arm_moveit_config/share/colcon-core/packages/robot_arm_moveit_config)
[1.711s] DEBUG:colcon.colcon_parallel_executor.executor.parallel:closing loop
[1.712s] DEBUG:colcon.colcon_parallel_executor.executor.parallel:loop closed
[1.712s] DEBUG:colcon.colcon_parallel_executor.executor.parallel:run_until_complete finished with '0'
[1.712s] DEBUG:colcon.colcon_core.event_reactor:joining thread
[1.745s] INFO:colcon.colcon_core.plugin_system:Skipping extension 'colcon_notification.desktop_notification.terminal_notifier': Not used on non-Darwin systems
[1.745s] INFO:colcon.colcon_core.plugin_system:Skipping extension 'colcon_notification.desktop_notification.win32': Not used on non-Windows systems
[1.745s] INFO:colcon.colcon_notification.desktop_notification:Sending desktop notification using 'notify2'
[1.966s] DEBUG:colcon.colcon_core.event_reactor:joined thread
[1.967s] INFO:colcon.colcon_core.shell:Creating prefix script '/home/adrien/robot_arm_ros2(1)/robot_arm_ws/install/local_setup.ps1'
[1.972s] INFO:colcon.colcon_core.shell:Creating prefix util module '/home/adrien/robot_arm_ros2(1)/robot_arm_ws/install/_local_setup_util_ps1.py'
[1.976s] INFO:colcon.colcon_core.shell:Creating prefix chain script '/home/adrien/robot_arm_ros2(1)/robot_arm_ws/install/setup.ps1'
[1.981s] INFO:colcon.colcon_core.shell:Creating prefix script '/home/adrien/robot_arm_ros2(1)/robot_arm_ws/install/local_setup.sh'
[1.982s] INFO:colcon.colcon_core.shell:Creating prefix util module '/home/adrien/robot_arm_ros2(1)/robot_arm_ws/install/_local_setup_util_sh.py'
[1.985s] INFO:colcon.colcon_core.shell:Creating prefix chain script '/home/adrien/robot_arm_ros2(1)/robot_arm_ws/install/setup.sh'
[1.990s] INFO:colcon.colcon_core.shell:Creating prefix script '/home/adrien/robot_arm_ros2(1)/robot_arm_ws/install/local_setup.bash'
[1.992s] INFO:colcon.colcon_core.shell:Creating prefix chain script '/home/adrien/robot_arm_ros2(1)/robot_arm_ws/install/setup.bash'
[1.997s] INFO:colcon.colcon_core.shell:Creating prefix script '/home/adrien/robot_arm_ros2(1)/robot_arm_ws/install/local_setup.zsh'
[2.001s] INFO:colcon.colcon_core.shell:Creating prefix chain script '/home/adrien/robot_arm_ros2(1)/robot_arm_ws/install/setup.zsh'
