[0.031s] Invoking command in '/home/adrien/robot_arm_ros2(1)/robot_arm_ws/build/robot_arm_description': CMAKE_PREFIX_PATH=${CMAKE_PREFIX_PATH}:/opt/ros/humble /usr/bin/cmake /home/adrien/robot_arm_ros2(1)/robot_arm_ws/src/robot_arm_description -DCMAKE_INSTALL_PREFIX=/home/adrien/robot_arm_ros2(1)/robot_arm_ws/install/robot_arm_description
[0.178s] -- The C compiler identification is GNU 11.4.0
[0.298s] -- The CXX compiler identification is GNU 11.4.0
[0.318s] -- Detecting C compiler ABI info
[0.411s] -- Detecting C compiler ABI info - done
[0.419s] -- Check for working C compiler: /usr/bin/cc - skipped
[0.420s] -- Detecting C compile features
[0.421s] -- Detecting C compile features - done
[0.426s] -- Detecting CXX compiler ABI info
[0.528s] -- Detecting CXX compiler ABI info - done
[0.543s] -- Check for working CXX compiler: /usr/bin/c++ - skipped
[0.543s] -- Detecting CXX compile features
[0.543s] -- Detecting CXX compile features - done
[0.563s] -- Found ament_cmake: 1.3.14 (/opt/ros/humble/share/ament_cmake/cmake)
[0.795s] -- Found Python3: /usr/bin/python3 (found version "3.10.12") found components: Interpreter 
[1.107s] -- Configuring done
[1.112s] -- Generating done
[1.117s] -- Build files have been written to: /home/adrien/robot_arm_ros2(1)/robot_arm_ws/build/robot_arm_description
[1.121s] Invoked command in '/home/adrien/robot_arm_ros2(1)/robot_arm_ws/build/robot_arm_description' returned '0': CMAKE_PREFIX_PATH=${CMAKE_PREFIX_PATH}:/opt/ros/humble /usr/bin/cmake /home/adrien/robot_arm_ros2(1)/robot_arm_ws/src/robot_arm_description -DCMAKE_INSTALL_PREFIX=/home/adrien/robot_arm_ros2(1)/robot_arm_ws/install/robot_arm_description
[1.123s] Invoking command in '/home/adrien/robot_arm_ros2(1)/robot_arm_ws/build/robot_arm_description': CMAKE_PREFIX_PATH=${CMAKE_PREFIX_PATH}:/opt/ros/humble /usr/bin/cmake --build /home/adrien/robot_arm_ros2(1)/robot_arm_ws/build/robot_arm_description -- -j1 -l1
[1.188s] Invoked command in '/home/adrien/robot_arm_ros2(1)/robot_arm_ws/build/robot_arm_description' returned '0': CMAKE_PREFIX_PATH=${CMAKE_PREFIX_PATH}:/opt/ros/humble /usr/bin/cmake --build /home/adrien/robot_arm_ros2(1)/robot_arm_ws/build/robot_arm_description -- -j1 -l1
[1.200s] Invoking command in '/home/adrien/robot_arm_ros2(1)/robot_arm_ws/build/robot_arm_description': CMAKE_PREFIX_PATH=${CMAKE_PREFIX_PATH}:/opt/ros/humble /usr/bin/cmake --install /home/adrien/robot_arm_ros2(1)/robot_arm_ws/build/robot_arm_description
[1.209s] -- Install configuration: ""
[1.209s] -- Installing: /home/adrien/robot_arm_ros2(1)/robot_arm_ws/install/robot_arm_description/share/robot_arm_description/urdf
[1.209s] -- Installing: /home/adrien/robot_arm_ros2(1)/robot_arm_ws/install/robot_arm_description/share/robot_arm_description/urdf/robot_arm.urdf.xacro
[1.210s] -- Installing: /home/adrien/robot_arm_ros2(1)/robot_arm_ws/install/robot_arm_description/share/robot_arm_description/meshes
[1.210s] -- Installing: /home/adrien/robot_arm_ros2(1)/robot_arm_ws/install/robot_arm_description/share/robot_arm_description/meshes/left_finger.stl
[1.211s] -- Installing: /home/adrien/robot_arm_ros2(1)/robot_arm_ws/install/robot_arm_description/share/robot_arm_description/meshes/link.stl
[1.211s] -- Installing: /home/adrien/robot_arm_ros2(1)/robot_arm_ws/install/robot_arm_description/share/robot_arm_description/meshes/servo_plate.stl
[1.212s] -- Installing: /home/adrien/robot_arm_ros2(1)/robot_arm_ws/install/robot_arm_description/share/robot_arm_description/meshes/horizontal_arm.stl
[1.214s] -- Installing: /home/adrien/robot_arm_ros2(1)/robot_arm_ws/install/robot_arm_description/share/robot_arm_description/meshes/vertical_drive_arm.stl
[1.215s] -- Installing: /home/adrien/robot_arm_ros2(1)/robot_arm_ws/install/robot_arm_description/share/robot_arm_description/meshes/triangular_link.stl
[1.216s] -- Installing: /home/adrien/robot_arm_ros2(1)/robot_arm_ws/install/robot_arm_description/share/robot_arm_description/meshes/basement.stl
[1.217s] -- Installing: /home/adrien/robot_arm_ros2(1)/robot_arm_ws/install/robot_arm_description/share/robot_arm_description/meshes/claw_support.stl
[1.218s] -- Installing: /home/adrien/robot_arm_ros2(1)/robot_arm_ws/install/robot_arm_description/share/robot_arm_description/meshes/round_plate.stl
[1.220s] -- Installing: /home/adrien/robot_arm_ros2(1)/robot_arm_ws/install/robot_arm_description/share/robot_arm_description/meshes/plate.stl
[1.221s] -- Installing: /home/adrien/robot_arm_ros2(1)/robot_arm_ws/install/robot_arm_description/share/robot_arm_description/meshes/forward_drive_arm.stl
[1.223s] -- Installing: /home/adrien/robot_arm_ros2(1)/robot_arm_ws/install/robot_arm_description/share/robot_arm_description/meshes/right_finger.stl
[1.223s] -- Installing: /home/adrien/robot_arm_ros2(1)/robot_arm_ws/install/robot_arm_description/share/robot_arm_description/meshes/base_plate.stl
[1.232s] -- Installing: /home/adrien/robot_arm_ros2(1)/robot_arm_ws/install/robot_arm_description/share/robot_arm_description/launch
[1.232s] -- Installing: /home/adrien/robot_arm_ros2(1)/robot_arm_ws/install/robot_arm_description/share/robot_arm_description/launch/display.launch.py
[1.232s] -- Installing: /home/adrien/robot_arm_ros2(1)/robot_arm_ws/install/robot_arm_description/share/robot_arm_description/config
[1.232s] -- Installing: /home/adrien/robot_arm_ros2(1)/robot_arm_ws/install/robot_arm_description/share/robot_arm_description/config/robot_arm.rviz
[1.232s] -- Installing: /home/adrien/robot_arm_ros2(1)/robot_arm_ws/install/robot_arm_description/share/ament_index/resource_index/package_run_dependencies/robot_arm_description
[1.234s] -- Installing: /home/adrien/robot_arm_ros2(1)/robot_arm_ws/install/robot_arm_description/share/ament_index/resource_index/parent_prefix_path/robot_arm_description
[1.234s] -- Installing: /home/adrien/robot_arm_ros2(1)/robot_arm_ws/install/robot_arm_description/share/robot_arm_description/environment/ament_prefix_path.sh
[1.234s] -- Installing: /home/adrien/robot_arm_ros2(1)/robot_arm_ws/install/robot_arm_description/share/robot_arm_description/environment/ament_prefix_path.dsv
[1.234s] -- Installing: /home/adrien/robot_arm_ros2(1)/robot_arm_ws/install/robot_arm_description/share/robot_arm_description/environment/path.sh
[1.234s] -- Installing: /home/adrien/robot_arm_ros2(1)/robot_arm_ws/install/robot_arm_description/share/robot_arm_description/environment/path.dsv
[1.234s] -- Installing: /home/adrien/robot_arm_ros2(1)/robot_arm_ws/install/robot_arm_description/share/robot_arm_description/local_setup.bash
[1.234s] -- Installing: /home/adrien/robot_arm_ros2(1)/robot_arm_ws/install/robot_arm_description/share/robot_arm_description/local_setup.sh
[1.235s] -- Installing: /home/adrien/robot_arm_ros2(1)/robot_arm_ws/install/robot_arm_description/share/robot_arm_description/local_setup.zsh
[1.236s] -- Installing: /home/adrien/robot_arm_ros2(1)/robot_arm_ws/install/robot_arm_description/share/robot_arm_description/local_setup.dsv
[1.236s] -- Installing: /home/adrien/robot_arm_ros2(1)/robot_arm_ws/install/robot_arm_description/share/robot_arm_description/package.dsv
[1.237s] -- Installing: /home/adrien/robot_arm_ros2(1)/robot_arm_ws/install/robot_arm_description/share/ament_index/resource_index/packages/robot_arm_description
[1.237s] -- Installing: /home/adrien/robot_arm_ros2(1)/robot_arm_ws/install/robot_arm_description/share/robot_arm_description/cmake/robot_arm_descriptionConfig.cmake
[1.238s] -- Installing: /home/adrien/robot_arm_ros2(1)/robot_arm_ws/install/robot_arm_description/share/robot_arm_description/cmake/robot_arm_descriptionConfig-version.cmake
[1.243s] -- Installing: /home/adrien/robot_arm_ros2(1)/robot_arm_ws/install/robot_arm_description/share/robot_arm_description/package.xml
[1.245s] Invoked command in '/home/adrien/robot_arm_ros2(1)/robot_arm_ws/build/robot_arm_description' returned '0': CMAKE_PREFIX_PATH=${CMAKE_PREFIX_PATH}:/opt/ros/humble /usr/bin/cmake --install /home/adrien/robot_arm_ros2(1)/robot_arm_ws/build/robot_arm_description
