[0.354s] DEBUG:colcon:Command line arguments: ['/usr/bin/colcon', 'build']
[0.354s] DEBUG:colcon:Parsed command line arguments: Namespace(log_base=None, log_level=None, verb_name='build', build_base='build', install_base='install', merge_install=False, symlink_install=False, test_result_base=None, continue_on_error=False, executor='parallel', parallel_workers=1, event_handlers=None, ignore_user_meta=False, metas=['./colcon.meta'], base_paths=['.'], packages_ignore=None, packages_ignore_regex=None, paths=None, packages_up_to=None, packages_up_to_regex=None, packages_above=None, packages_above_and_dependencies=None, packages_above_depth=None, packages_select_by_dep=None, packages_skip_by_dep=None, packages_skip_up_to=None, packages_select_build_failed=False, packages_skip_build_finished=False, packages_select_test_failures=False, packages_skip_test_passed=False, packages_select=None, packages_skip=None, packages_select_regex=None, packages_skip_regex=None, packages_start=None, packages_end=None, allow_overriding=[], cmake_args=None, cmake_target=None, cmake_target_skip_unavailable=False, cmake_clean_cache=False, cmake_clean_first=False, cmake_force_configure=False, ament_cmake_args=None, catkin_cmake_args=None, catkin_skip_building_tests=False, verb_parser=<colcon_defaults.argument_parser.defaults.DefaultArgumentsDecorator object at 0x7d45008272e0>, verb_extension=<colcon_core.verb.build.BuildVerb object at 0x7d4500826dd0>, main=<bound method BuildVerb.main of <colcon_core.verb.build.BuildVerb object at 0x7d4500826dd0>>)
[0.754s] Level 1:colcon.colcon_core.package_discovery:discover_packages(colcon_meta) check parameters
[0.754s] Level 1:colcon.colcon_core.package_discovery:discover_packages(recursive) check parameters
[0.754s] Level 1:colcon.colcon_core.package_discovery:discover_packages(ignore) check parameters
[0.754s] Level 1:colcon.colcon_core.package_discovery:discover_packages(path) check parameters
[0.754s] Level 1:colcon.colcon_core.package_discovery:discover_packages(colcon_meta) discover
[0.754s] Level 1:colcon.colcon_core.package_discovery:discover_packages(recursive) discover
[0.755s] INFO:colcon.colcon_core.package_discovery:Crawling recursively for packages in '/home/adrien/robot_arm_ros2(1)/robot_arm_ws'
[0.755s] Level 1:colcon.colcon_core.package_identification:_identify(.) by extensions ['ignore', 'ignore_ament_install']
[0.755s] Level 1:colcon.colcon_core.package_identification:_identify(.) by extension 'ignore'
[0.755s] Level 1:colcon.colcon_core.package_identification:_identify(.) by extension 'ignore_ament_install'
[0.755s] Level 1:colcon.colcon_core.package_identification:_identify(.) by extensions ['colcon_pkg']
[0.755s] Level 1:colcon.colcon_core.package_identification:_identify(.) by extension 'colcon_pkg'
[0.755s] Level 1:colcon.colcon_core.package_identification:_identify(.) by extensions ['colcon_meta']
[0.755s] Level 1:colcon.colcon_core.package_identification:_identify(.) by extension 'colcon_meta'
[0.755s] Level 1:colcon.colcon_core.package_identification:_identify(.) by extensions ['ros']
[0.755s] Level 1:colcon.colcon_core.package_identification:_identify(.) by extension 'ros'
[0.777s] Level 1:colcon.colcon_core.package_identification:_identify(.) by extensions ['cmake', 'python']
[0.777s] Level 1:colcon.colcon_core.package_identification:_identify(.) by extension 'cmake'
[0.777s] Level 1:colcon.colcon_core.package_identification:_identify(.) by extension 'python'
[0.777s] Level 1:colcon.colcon_core.package_identification:_identify(.) by extensions ['python_setup_py']
[0.777s] Level 1:colcon.colcon_core.package_identification:_identify(.) by extension 'python_setup_py'
[0.777s] Level 1:colcon.colcon_core.package_identification:_identify(build) by extensions ['ignore', 'ignore_ament_install']
[0.778s] Level 1:colcon.colcon_core.package_identification:_identify(build) by extension 'ignore'
[0.778s] Level 1:colcon.colcon_core.package_identification:_identify(build) ignored
[0.778s] Level 1:colcon.colcon_core.package_identification:_identify(install) by extensions ['ignore', 'ignore_ament_install']
[0.778s] Level 1:colcon.colcon_core.package_identification:_identify(install) by extension 'ignore'
[0.778s] Level 1:colcon.colcon_core.package_identification:_identify(install) ignored
[0.778s] Level 1:colcon.colcon_core.package_identification:_identify(log) by extensions ['ignore', 'ignore_ament_install']
[0.779s] Level 1:colcon.colcon_core.package_identification:_identify(log) by extension 'ignore'
[0.779s] Level 1:colcon.colcon_core.package_identification:_identify(log) ignored
[0.779s] Level 1:colcon.colcon_core.package_identification:_identify(src) by extensions ['ignore', 'ignore_ament_install']
[0.779s] Level 1:colcon.colcon_core.package_identification:_identify(src) by extension 'ignore'
[0.779s] Level 1:colcon.colcon_core.package_identification:_identify(src) by extension 'ignore_ament_install'
[0.779s] Level 1:colcon.colcon_core.package_identification:_identify(src) by extensions ['colcon_pkg']
[0.779s] Level 1:colcon.colcon_core.package_identification:_identify(src) by extension 'colcon_pkg'
[0.779s] Level 1:colcon.colcon_core.package_identification:_identify(src) by extensions ['colcon_meta']
[0.779s] Level 1:colcon.colcon_core.package_identification:_identify(src) by extension 'colcon_meta'
[0.779s] Level 1:colcon.colcon_core.package_identification:_identify(src) by extensions ['ros']
[0.779s] Level 1:colcon.colcon_core.package_identification:_identify(src) by extension 'ros'
[0.779s] Level 1:colcon.colcon_core.package_identification:_identify(src) by extensions ['cmake', 'python']
[0.779s] Level 1:colcon.colcon_core.package_identification:_identify(src) by extension 'cmake'
[0.779s] Level 1:colcon.colcon_core.package_identification:_identify(src) by extension 'python'
[0.779s] Level 1:colcon.colcon_core.package_identification:_identify(src) by extensions ['python_setup_py']
[0.780s] Level 1:colcon.colcon_core.package_identification:_identify(src) by extension 'python_setup_py'
[0.780s] Level 1:colcon.colcon_core.package_identification:_identify(src/robot_arm_description) by extensions ['ignore', 'ignore_ament_install']
[0.780s] Level 1:colcon.colcon_core.package_identification:_identify(src/robot_arm_description) by extension 'ignore'
[0.780s] Level 1:colcon.colcon_core.package_identification:_identify(src/robot_arm_description) by extension 'ignore_ament_install'
[0.780s] Level 1:colcon.colcon_core.package_identification:_identify(src/robot_arm_description) by extensions ['colcon_pkg']
[0.780s] Level 1:colcon.colcon_core.package_identification:_identify(src/robot_arm_description) by extension 'colcon_pkg'
[0.780s] Level 1:colcon.colcon_core.package_identification:_identify(src/robot_arm_description) by extensions ['colcon_meta']
[0.780s] Level 1:colcon.colcon_core.package_identification:_identify(src/robot_arm_description) by extension 'colcon_meta'
[0.780s] Level 1:colcon.colcon_core.package_identification:_identify(src/robot_arm_description) by extensions ['ros']
[0.780s] Level 1:colcon.colcon_core.package_identification:_identify(src/robot_arm_description) by extension 'ros'
[0.787s] DEBUG:colcon.colcon_core.package_identification:Package 'src/robot_arm_description' with type 'ros.ament_cmake' and name 'robot_arm_description'
[0.787s] Level 1:colcon.colcon_core.package_identification:_identify(src/robot_arm_moveit_config) by extensions ['ignore', 'ignore_ament_install']
[0.787s] Level 1:colcon.colcon_core.package_identification:_identify(src/robot_arm_moveit_config) by extension 'ignore'
[0.788s] Level 1:colcon.colcon_core.package_identification:_identify(src/robot_arm_moveit_config) by extension 'ignore_ament_install'
[0.788s] Level 1:colcon.colcon_core.package_identification:_identify(src/robot_arm_moveit_config) by extensions ['colcon_pkg']
[0.788s] Level 1:colcon.colcon_core.package_identification:_identify(src/robot_arm_moveit_config) by extension 'colcon_pkg'
[0.788s] Level 1:colcon.colcon_core.package_identification:_identify(src/robot_arm_moveit_config) by extensions ['colcon_meta']
[0.788s] Level 1:colcon.colcon_core.package_identification:_identify(src/robot_arm_moveit_config) by extension 'colcon_meta'
[0.788s] Level 1:colcon.colcon_core.package_identification:_identify(src/robot_arm_moveit_config) by extensions ['ros']
[0.788s] Level 1:colcon.colcon_core.package_identification:_identify(src/robot_arm_moveit_config) by extension 'ros'
[0.789s] DEBUG:colcon.colcon_core.package_identification:Package 'src/robot_arm_moveit_config' with type 'ros.ament_cmake' and name 'robot_arm_moveit_config'
[0.789s] Level 1:colcon.colcon_core.package_discovery:discover_packages(recursive) using defaults
[0.789s] Level 1:colcon.colcon_core.package_discovery:discover_packages(ignore) discover
[0.789s] Level 1:colcon.colcon_core.package_discovery:discover_packages(ignore) using defaults
[0.789s] Level 1:colcon.colcon_core.package_discovery:discover_packages(path) discover
[0.789s] Level 1:colcon.colcon_core.package_discovery:discover_packages(path) using defaults
[0.843s] Level 1:colcon.colcon_core.package_discovery:discover_packages(prefix_path) check parameters
[0.844s] Level 1:colcon.colcon_core.package_discovery:discover_packages(prefix_path) discover
[0.854s] DEBUG:colcon.colcon_installed_package_information.package_discovery:Found 2 installed packages in /home/adrien/ros2_ws/src/robot_arm_ws/src/install
[0.855s] DEBUG:colcon.colcon_installed_package_information.package_discovery:Found 2 installed packages in /home/adrien/ros2_ws/install
[0.859s] DEBUG:colcon.colcon_installed_package_information.package_discovery:Found 321 installed packages in /opt/ros/humble
[0.878s] Level 1:colcon.colcon_core.package_discovery:discover_packages(prefix_path) using defaults
[1.006s] Level 5:colcon.colcon_core.verb:set package 'robot_arm_description' build argument 'cmake_args' from command line to 'None'
[1.007s] Level 5:colcon.colcon_core.verb:set package 'robot_arm_description' build argument 'cmake_target' from command line to 'None'
[1.007s] Level 5:colcon.colcon_core.verb:set package 'robot_arm_description' build argument 'cmake_target_skip_unavailable' from command line to 'False'
[1.007s] Level 5:colcon.colcon_core.verb:set package 'robot_arm_description' build argument 'cmake_clean_cache' from command line to 'False'
[1.007s] Level 5:colcon.colcon_core.verb:set package 'robot_arm_description' build argument 'cmake_clean_first' from command line to 'False'
[1.007s] Level 5:colcon.colcon_core.verb:set package 'robot_arm_description' build argument 'cmake_force_configure' from command line to 'False'
[1.007s] Level 5:colcon.colcon_core.verb:set package 'robot_arm_description' build argument 'ament_cmake_args' from command line to 'None'
[1.007s] Level 5:colcon.colcon_core.verb:set package 'robot_arm_description' build argument 'catkin_cmake_args' from command line to 'None'
[1.007s] Level 5:colcon.colcon_core.verb:set package 'robot_arm_description' build argument 'catkin_skip_building_tests' from command line to 'False'
[1.007s] DEBUG:colcon.colcon_core.verb:Building package 'robot_arm_description' with the following arguments: {'ament_cmake_args': None, 'build_base': '/home/adrien/robot_arm_ros2(1)/robot_arm_ws/build/robot_arm_description', 'catkin_cmake_args': None, 'catkin_skip_building_tests': False, 'cmake_args': None, 'cmake_clean_cache': False, 'cmake_clean_first': False, 'cmake_force_configure': False, 'cmake_target': None, 'cmake_target_skip_unavailable': False, 'install_base': '/home/adrien/robot_arm_ros2(1)/robot_arm_ws/install/robot_arm_description', 'merge_install': False, 'path': '/home/adrien/robot_arm_ros2(1)/robot_arm_ws/src/robot_arm_description', 'symlink_install': False, 'test_result_base': None}
[1.007s] Level 5:colcon.colcon_core.verb:set package 'robot_arm_moveit_config' build argument 'cmake_args' from command line to 'None'
[1.007s] Level 5:colcon.colcon_core.verb:set package 'robot_arm_moveit_config' build argument 'cmake_target' from command line to 'None'
[1.007s] Level 5:colcon.colcon_core.verb:set package 'robot_arm_moveit_config' build argument 'cmake_target_skip_unavailable' from command line to 'False'
[1.007s] Level 5:colcon.colcon_core.verb:set package 'robot_arm_moveit_config' build argument 'cmake_clean_cache' from command line to 'False'
[1.007s] Level 5:colcon.colcon_core.verb:set package 'robot_arm_moveit_config' build argument 'cmake_clean_first' from command line to 'False'
[1.007s] Level 5:colcon.colcon_core.verb:set package 'robot_arm_moveit_config' build argument 'cmake_force_configure' from command line to 'False'
[1.007s] Level 5:colcon.colcon_core.verb:set package 'robot_arm_moveit_config' build argument 'ament_cmake_args' from command line to 'None'
[1.007s] Level 5:colcon.colcon_core.verb:set package 'robot_arm_moveit_config' build argument 'catkin_cmake_args' from command line to 'None'
[1.007s] Level 5:colcon.colcon_core.verb:set package 'robot_arm_moveit_config' build argument 'catkin_skip_building_tests' from command line to 'False'
[1.007s] DEBUG:colcon.colcon_core.verb:Building package 'robot_arm_moveit_config' with the following arguments: {'ament_cmake_args': None, 'build_base': '/home/adrien/robot_arm_ros2(1)/robot_arm_ws/build/robot_arm_moveit_config', 'catkin_cmake_args': None, 'catkin_skip_building_tests': False, 'cmake_args': None, 'cmake_clean_cache': False, 'cmake_clean_first': False, 'cmake_force_configure': False, 'cmake_target': None, 'cmake_target_skip_unavailable': False, 'install_base': '/home/adrien/robot_arm_ros2(1)/robot_arm_ws/install/robot_arm_moveit_config', 'merge_install': False, 'path': '/home/adrien/robot_arm_ros2(1)/robot_arm_ws/src/robot_arm_moveit_config', 'symlink_install': False, 'test_result_base': None}
[1.008s] INFO:colcon.colcon_core.executor:Executing jobs using 'parallel' executor
[1.009s] DEBUG:colcon.colcon_parallel_executor.executor.parallel:run_until_complete
[1.009s] INFO:colcon.colcon_ros.task.ament_cmake.build:Building ROS package in '/home/adrien/robot_arm_ros2(1)/robot_arm_ws/src/robot_arm_description' with build type 'ament_cmake'
[1.009s] INFO:colcon.colcon_cmake.task.cmake.build:Building CMake package in '/home/adrien/robot_arm_ros2(1)/robot_arm_ws/src/robot_arm_description'
[1.021s] INFO:colcon.colcon_core.plugin_system:Skipping extension 'colcon_core.shell.bat': Not used on non-Windows systems
[1.022s] INFO:colcon.colcon_core.shell:Skip shell extension 'powershell' for command environment: Not usable outside of PowerShell
[1.022s] DEBUG:colcon.colcon_core.shell:Skip shell extension 'dsv' for command environment
[1.042s] DEBUG:colcon.colcon_core.event_handler.log_command:Invoking command in '/home/adrien/robot_arm_ros2(1)/robot_arm_ws/build/robot_arm_description': CMAKE_PREFIX_PATH=${CMAKE_PREFIX_PATH}:/opt/ros/humble /usr/bin/cmake /home/adrien/robot_arm_ros2(1)/robot_arm_ws/src/robot_arm_description -DCMAKE_INSTALL_PREFIX=/home/adrien/robot_arm_ros2(1)/robot_arm_ws/install/robot_arm_description
[2.131s] DEBUG:colcon.colcon_core.event_handler.log_command:Invoked command in '/home/adrien/robot_arm_ros2(1)/robot_arm_ws/build/robot_arm_description' returned '0': CMAKE_PREFIX_PATH=${CMAKE_PREFIX_PATH}:/opt/ros/humble /usr/bin/cmake /home/adrien/robot_arm_ros2(1)/robot_arm_ws/src/robot_arm_description -DCMAKE_INSTALL_PREFIX=/home/adrien/robot_arm_ros2(1)/robot_arm_ws/install/robot_arm_description
[2.133s] DEBUG:colcon.colcon_core.event_handler.log_command:Invoking command in '/home/adrien/robot_arm_ros2(1)/robot_arm_ws/build/robot_arm_description': CMAKE_PREFIX_PATH=${CMAKE_PREFIX_PATH}:/opt/ros/humble /usr/bin/cmake --build /home/adrien/robot_arm_ros2(1)/robot_arm_ws/build/robot_arm_description -- -j1 -l1
[2.198s] DEBUG:colcon.colcon_core.event_handler.log_command:Invoked command in '/home/adrien/robot_arm_ros2(1)/robot_arm_ws/build/robot_arm_description' returned '0': CMAKE_PREFIX_PATH=${CMAKE_PREFIX_PATH}:/opt/ros/humble /usr/bin/cmake --build /home/adrien/robot_arm_ros2(1)/robot_arm_ws/build/robot_arm_description -- -j1 -l1
[2.210s] DEBUG:colcon.colcon_core.event_handler.log_command:Invoking command in '/home/adrien/robot_arm_ros2(1)/robot_arm_ws/build/robot_arm_description': CMAKE_PREFIX_PATH=${CMAKE_PREFIX_PATH}:/opt/ros/humble /usr/bin/cmake --install /home/adrien/robot_arm_ros2(1)/robot_arm_ws/build/robot_arm_description
[2.254s] Level 1:colcon.colcon_core.environment:create_environment_scripts_only(robot_arm_description)
[2.255s] DEBUG:colcon.colcon_core.event_handler.log_command:Invoked command in '/home/adrien/robot_arm_ros2(1)/robot_arm_ws/build/robot_arm_description' returned '0': CMAKE_PREFIX_PATH=${CMAKE_PREFIX_PATH}:/opt/ros/humble /usr/bin/cmake --install /home/adrien/robot_arm_ros2(1)/robot_arm_ws/build/robot_arm_description
[2.260s] Level 1:colcon.colcon_core.environment:checking '/home/adrien/robot_arm_ros2(1)/robot_arm_ws/install/robot_arm_description' for CMake module files
[2.260s] Level 1:colcon.colcon_core.environment:checking '/home/adrien/robot_arm_ros2(1)/robot_arm_ws/install/robot_arm_description' for CMake config files
[2.260s] Level 1:colcon.colcon_core.shell:create_environment_hook('robot_arm_description', 'cmake_prefix_path')
[2.261s] INFO:colcon.colcon_core.shell:Creating environment hook '/home/adrien/robot_arm_ros2(1)/robot_arm_ws/install/robot_arm_description/share/robot_arm_description/hook/cmake_prefix_path.ps1'
[2.261s] INFO:colcon.colcon_core.shell:Creating environment descriptor '/home/adrien/robot_arm_ros2(1)/robot_arm_ws/install/robot_arm_description/share/robot_arm_description/hook/cmake_prefix_path.dsv'
[2.262s] INFO:colcon.colcon_core.shell:Creating environment hook '/home/adrien/robot_arm_ros2(1)/robot_arm_ws/install/robot_arm_description/share/robot_arm_description/hook/cmake_prefix_path.sh'
[2.263s] Level 1:colcon.colcon_core.environment:checking '/home/adrien/robot_arm_ros2(1)/robot_arm_ws/install/robot_arm_description/bin'
[2.263s] Level 1:colcon.colcon_core.environment:checking '/home/adrien/robot_arm_ros2(1)/robot_arm_ws/install/robot_arm_description/lib/pkgconfig/robot_arm_description.pc'
[2.263s] Level 1:colcon.colcon_core.environment:checking '/home/adrien/robot_arm_ros2(1)/robot_arm_ws/install/robot_arm_description/lib/python3.10/site-packages'
[2.264s] Level 1:colcon.colcon_core.environment:checking '/home/adrien/robot_arm_ros2(1)/robot_arm_ws/install/robot_arm_description/bin'
[2.264s] INFO:colcon.colcon_core.shell:Creating package script '/home/adrien/robot_arm_ros2(1)/robot_arm_ws/install/robot_arm_description/share/robot_arm_description/package.ps1'
[2.265s] INFO:colcon.colcon_core.shell:Creating package descriptor '/home/adrien/robot_arm_ros2(1)/robot_arm_ws/install/robot_arm_description/share/robot_arm_description/package.dsv'
[2.266s] INFO:colcon.colcon_core.shell:Creating package script '/home/adrien/robot_arm_ros2(1)/robot_arm_ws/install/robot_arm_description/share/robot_arm_description/package.sh'
[2.266s] INFO:colcon.colcon_core.shell:Creating package script '/home/adrien/robot_arm_ros2(1)/robot_arm_ws/install/robot_arm_description/share/robot_arm_description/package.bash'
[2.267s] INFO:colcon.colcon_core.shell:Creating package script '/home/adrien/robot_arm_ros2(1)/robot_arm_ws/install/robot_arm_description/share/robot_arm_description/package.zsh'
[2.268s] Level 1:colcon.colcon_core.environment:create_file_with_runtime_dependencies(/home/adrien/robot_arm_ros2(1)/robot_arm_ws/install/robot_arm_description/share/colcon-core/packages/robot_arm_description)
[2.269s] Level 1:colcon.colcon_core.environment:create_environment_scripts_only(robot_arm_description)
[2.269s] Level 1:colcon.colcon_core.environment:checking '/home/adrien/robot_arm_ros2(1)/robot_arm_ws/install/robot_arm_description' for CMake module files
[2.269s] Level 1:colcon.colcon_core.environment:checking '/home/adrien/robot_arm_ros2(1)/robot_arm_ws/install/robot_arm_description' for CMake config files
[2.270s] Level 1:colcon.colcon_core.shell:create_environment_hook('robot_arm_description', 'cmake_prefix_path')
[2.270s] INFO:colcon.colcon_core.shell:Creating environment hook '/home/adrien/robot_arm_ros2(1)/robot_arm_ws/install/robot_arm_description/share/robot_arm_description/hook/cmake_prefix_path.ps1'
[2.271s] INFO:colcon.colcon_core.shell:Creating environment descriptor '/home/adrien/robot_arm_ros2(1)/robot_arm_ws/install/robot_arm_description/share/robot_arm_description/hook/cmake_prefix_path.dsv'
[2.272s] INFO:colcon.colcon_core.shell:Creating environment hook '/home/adrien/robot_arm_ros2(1)/robot_arm_ws/install/robot_arm_description/share/robot_arm_description/hook/cmake_prefix_path.sh'
[2.273s] Level 1:colcon.colcon_core.environment:checking '/home/adrien/robot_arm_ros2(1)/robot_arm_ws/install/robot_arm_description/bin'
[2.273s] Level 1:colcon.colcon_core.environment:checking '/home/adrien/robot_arm_ros2(1)/robot_arm_ws/install/robot_arm_description/lib/pkgconfig/robot_arm_description.pc'
[2.273s] Level 1:colcon.colcon_core.environment:checking '/home/adrien/robot_arm_ros2(1)/robot_arm_ws/install/robot_arm_description/lib/python3.10/site-packages'
[2.274s] Level 1:colcon.colcon_core.environment:checking '/home/adrien/robot_arm_ros2(1)/robot_arm_ws/install/robot_arm_description/bin'
[2.274s] INFO:colcon.colcon_core.shell:Creating package script '/home/adrien/robot_arm_ros2(1)/robot_arm_ws/install/robot_arm_description/share/robot_arm_description/package.ps1'
[2.275s] INFO:colcon.colcon_core.shell:Creating package descriptor '/home/adrien/robot_arm_ros2(1)/robot_arm_ws/install/robot_arm_description/share/robot_arm_description/package.dsv'
[2.275s] INFO:colcon.colcon_core.shell:Creating package script '/home/adrien/robot_arm_ros2(1)/robot_arm_ws/install/robot_arm_description/share/robot_arm_description/package.sh'
[2.276s] INFO:colcon.colcon_core.shell:Creating package script '/home/adrien/robot_arm_ros2(1)/robot_arm_ws/install/robot_arm_description/share/robot_arm_description/package.bash'
[2.276s] INFO:colcon.colcon_core.shell:Creating package script '/home/adrien/robot_arm_ros2(1)/robot_arm_ws/install/robot_arm_description/share/robot_arm_description/package.zsh'
[2.277s] Level 1:colcon.colcon_core.environment:create_file_with_runtime_dependencies(/home/adrien/robot_arm_ros2(1)/robot_arm_ws/install/robot_arm_description/share/colcon-core/packages/robot_arm_description)
[2.278s] INFO:colcon.colcon_ros.task.ament_cmake.build:Building ROS package in '/home/adrien/robot_arm_ros2(1)/robot_arm_ws/src/robot_arm_moveit_config' with build type 'ament_cmake'
[2.278s] INFO:colcon.colcon_cmake.task.cmake.build:Building CMake package in '/home/adrien/robot_arm_ros2(1)/robot_arm_ws/src/robot_arm_moveit_config'
[2.278s] INFO:colcon.colcon_core.shell:Skip shell extension 'powershell' for command environment: Not usable outside of PowerShell
[2.278s] DEBUG:colcon.colcon_core.shell:Skip shell extension 'dsv' for command environment
[2.288s] DEBUG:colcon.colcon_core.event_handler.log_command:Invoking command in '/home/adrien/robot_arm_ros2(1)/robot_arm_ws/build/robot_arm_moveit_config': AMENT_PREFIX_PATH=/home/adrien/robot_arm_ros2(1)/robot_arm_ws/install/robot_arm_description:${AMENT_PREFIX_PATH} CMAKE_PREFIX_PATH=/home/adrien/robot_arm_ros2(1)/robot_arm_ws/install/robot_arm_description:/home/adrien/ros2_ws/src/robot_arm_ws/src/install/robot_arm_moveit_config:/home/adrien/ros2_ws/src/robot_arm_ws/src/install/robot_arm_description:/home/adrien/ros2_ws/install/robot_arm_description:/home/adrien/ros2_ws/install/my_robot_description:/opt/ros/humble /usr/bin/cmake /home/adrien/robot_arm_ros2(1)/robot_arm_ws/src/robot_arm_moveit_config -DCMAKE_INSTALL_PREFIX=/home/adrien/robot_arm_ros2(1)/robot_arm_ws/install/robot_arm_moveit_config
[3.252s] DEBUG:colcon.colcon_core.event_handler.log_command:Invoked command in '/home/adrien/robot_arm_ros2(1)/robot_arm_ws/build/robot_arm_moveit_config' returned '0': AMENT_PREFIX_PATH=/home/adrien/robot_arm_ros2(1)/robot_arm_ws/install/robot_arm_description:${AMENT_PREFIX_PATH} CMAKE_PREFIX_PATH=/home/adrien/robot_arm_ros2(1)/robot_arm_ws/install/robot_arm_description:/home/adrien/ros2_ws/src/robot_arm_ws/src/install/robot_arm_moveit_config:/home/adrien/ros2_ws/src/robot_arm_ws/src/install/robot_arm_description:/home/adrien/ros2_ws/install/robot_arm_description:/home/adrien/ros2_ws/install/my_robot_description:/opt/ros/humble /usr/bin/cmake /home/adrien/robot_arm_ros2(1)/robot_arm_ws/src/robot_arm_moveit_config -DCMAKE_INSTALL_PREFIX=/home/adrien/robot_arm_ros2(1)/robot_arm_ws/install/robot_arm_moveit_config
[3.252s] DEBUG:colcon.colcon_core.event_handler.log_command:Invoking command in '/home/adrien/robot_arm_ros2(1)/robot_arm_ws/build/robot_arm_moveit_config': AMENT_PREFIX_PATH=/home/adrien/robot_arm_ros2(1)/robot_arm_ws/install/robot_arm_description:${AMENT_PREFIX_PATH} CMAKE_PREFIX_PATH=/home/adrien/robot_arm_ros2(1)/robot_arm_ws/install/robot_arm_description:/home/adrien/ros2_ws/src/robot_arm_ws/src/install/robot_arm_moveit_config:/home/adrien/ros2_ws/src/robot_arm_ws/src/install/robot_arm_description:/home/adrien/ros2_ws/install/robot_arm_description:/home/adrien/ros2_ws/install/my_robot_description:/opt/ros/humble /usr/bin/cmake --build /home/adrien/robot_arm_ros2(1)/robot_arm_ws/build/robot_arm_moveit_config -- -j1 -l1
[3.329s] DEBUG:colcon.colcon_core.event_handler.log_command:Invoked command in '/home/adrien/robot_arm_ros2(1)/robot_arm_ws/build/robot_arm_moveit_config' returned '0': AMENT_PREFIX_PATH=/home/adrien/robot_arm_ros2(1)/robot_arm_ws/install/robot_arm_description:${AMENT_PREFIX_PATH} CMAKE_PREFIX_PATH=/home/adrien/robot_arm_ros2(1)/robot_arm_ws/install/robot_arm_description:/home/adrien/ros2_ws/src/robot_arm_ws/src/install/robot_arm_moveit_config:/home/adrien/ros2_ws/src/robot_arm_ws/src/install/robot_arm_description:/home/adrien/ros2_ws/install/robot_arm_description:/home/adrien/ros2_ws/install/my_robot_description:/opt/ros/humble /usr/bin/cmake --build /home/adrien/robot_arm_ros2(1)/robot_arm_ws/build/robot_arm_moveit_config -- -j1 -l1
[3.331s] DEBUG:colcon.colcon_core.event_handler.log_command:Invoking command in '/home/adrien/robot_arm_ros2(1)/robot_arm_ws/build/robot_arm_moveit_config': AMENT_PREFIX_PATH=/home/adrien/robot_arm_ros2(1)/robot_arm_ws/install/robot_arm_description:${AMENT_PREFIX_PATH} CMAKE_PREFIX_PATH=/home/adrien/robot_arm_ros2(1)/robot_arm_ws/install/robot_arm_description:/home/adrien/ros2_ws/src/robot_arm_ws/src/install/robot_arm_moveit_config:/home/adrien/ros2_ws/src/robot_arm_ws/src/install/robot_arm_description:/home/adrien/ros2_ws/install/robot_arm_description:/home/adrien/ros2_ws/install/my_robot_description:/opt/ros/humble /usr/bin/cmake --install /home/adrien/robot_arm_ros2(1)/robot_arm_ws/build/robot_arm_moveit_config
[3.349s] Level 1:colcon.colcon_core.environment:create_environment_scripts_only(robot_arm_moveit_config)
[3.349s] DEBUG:colcon.colcon_core.event_handler.log_command:Invoked command in '/home/adrien/robot_arm_ros2(1)/robot_arm_ws/build/robot_arm_moveit_config' returned '0': AMENT_PREFIX_PATH=/home/adrien/robot_arm_ros2(1)/robot_arm_ws/install/robot_arm_description:${AMENT_PREFIX_PATH} CMAKE_PREFIX_PATH=/home/adrien/robot_arm_ros2(1)/robot_arm_ws/install/robot_arm_description:/home/adrien/ros2_ws/src/robot_arm_ws/src/install/robot_arm_moveit_config:/home/adrien/ros2_ws/src/robot_arm_ws/src/install/robot_arm_description:/home/adrien/ros2_ws/install/robot_arm_description:/home/adrien/ros2_ws/install/my_robot_description:/opt/ros/humble /usr/bin/cmake --install /home/adrien/robot_arm_ros2(1)/robot_arm_ws/build/robot_arm_moveit_config
[3.349s] Level 1:colcon.colcon_core.environment:checking '/home/adrien/robot_arm_ros2(1)/robot_arm_ws/install/robot_arm_moveit_config' for CMake module files
[3.350s] Level 1:colcon.colcon_core.environment:checking '/home/adrien/robot_arm_ros2(1)/robot_arm_ws/install/robot_arm_moveit_config' for CMake config files
[3.350s] Level 1:colcon.colcon_core.shell:create_environment_hook('robot_arm_moveit_config', 'cmake_prefix_path')
[3.350s] INFO:colcon.colcon_core.shell:Creating environment hook '/home/adrien/robot_arm_ros2(1)/robot_arm_ws/install/robot_arm_moveit_config/share/robot_arm_moveit_config/hook/cmake_prefix_path.ps1'
[3.351s] INFO:colcon.colcon_core.shell:Creating environment descriptor '/home/adrien/robot_arm_ros2(1)/robot_arm_ws/install/robot_arm_moveit_config/share/robot_arm_moveit_config/hook/cmake_prefix_path.dsv'
[3.351s] INFO:colcon.colcon_core.shell:Creating environment hook '/home/adrien/robot_arm_ros2(1)/robot_arm_ws/install/robot_arm_moveit_config/share/robot_arm_moveit_config/hook/cmake_prefix_path.sh'
[3.352s] Level 1:colcon.colcon_core.environment:checking '/home/adrien/robot_arm_ros2(1)/robot_arm_ws/install/robot_arm_moveit_config/bin'
[3.352s] Level 1:colcon.colcon_core.environment:checking '/home/adrien/robot_arm_ros2(1)/robot_arm_ws/install/robot_arm_moveit_config/lib/pkgconfig/robot_arm_moveit_config.pc'
[3.352s] Level 1:colcon.colcon_core.environment:checking '/home/adrien/robot_arm_ros2(1)/robot_arm_ws/install/robot_arm_moveit_config/lib/python3.10/site-packages'
[3.353s] Level 1:colcon.colcon_core.environment:checking '/home/adrien/robot_arm_ros2(1)/robot_arm_ws/install/robot_arm_moveit_config/bin'
[3.353s] INFO:colcon.colcon_core.shell:Creating package script '/home/adrien/robot_arm_ros2(1)/robot_arm_ws/install/robot_arm_moveit_config/share/robot_arm_moveit_config/package.ps1'
[3.354s] INFO:colcon.colcon_core.shell:Creating package descriptor '/home/adrien/robot_arm_ros2(1)/robot_arm_ws/install/robot_arm_moveit_config/share/robot_arm_moveit_config/package.dsv'
[3.357s] INFO:colcon.colcon_core.shell:Creating package script '/home/adrien/robot_arm_ros2(1)/robot_arm_ws/install/robot_arm_moveit_config/share/robot_arm_moveit_config/package.sh'
[3.357s] INFO:colcon.colcon_core.shell:Creating package script '/home/adrien/robot_arm_ros2(1)/robot_arm_ws/install/robot_arm_moveit_config/share/robot_arm_moveit_config/package.bash'
[3.358s] INFO:colcon.colcon_core.shell:Creating package script '/home/adrien/robot_arm_ros2(1)/robot_arm_ws/install/robot_arm_moveit_config/share/robot_arm_moveit_config/package.zsh'
[3.359s] Level 1:colcon.colcon_core.environment:create_file_with_runtime_dependencies(/home/adrien/robot_arm_ros2(1)/robot_arm_ws/install/robot_arm_moveit_config/share/colcon-core/packages/robot_arm_moveit_config)
[3.359s] Level 1:colcon.colcon_core.environment:create_environment_scripts_only(robot_arm_moveit_config)
[3.364s] Level 1:colcon.colcon_core.environment:checking '/home/adrien/robot_arm_ros2(1)/robot_arm_ws/install/robot_arm_moveit_config' for CMake module files
[3.364s] Level 1:colcon.colcon_core.environment:checking '/home/adrien/robot_arm_ros2(1)/robot_arm_ws/install/robot_arm_moveit_config' for CMake config files
[3.365s] Level 1:colcon.colcon_core.shell:create_environment_hook('robot_arm_moveit_config', 'cmake_prefix_path')
[3.365s] INFO:colcon.colcon_core.shell:Creating environment hook '/home/adrien/robot_arm_ros2(1)/robot_arm_ws/install/robot_arm_moveit_config/share/robot_arm_moveit_config/hook/cmake_prefix_path.ps1'
[3.366s] INFO:colcon.colcon_core.shell:Creating environment descriptor '/home/adrien/robot_arm_ros2(1)/robot_arm_ws/install/robot_arm_moveit_config/share/robot_arm_moveit_config/hook/cmake_prefix_path.dsv'
[3.366s] INFO:colcon.colcon_core.shell:Creating environment hook '/home/adrien/robot_arm_ros2(1)/robot_arm_ws/install/robot_arm_moveit_config/share/robot_arm_moveit_config/hook/cmake_prefix_path.sh'
[3.367s] Level 1:colcon.colcon_core.environment:checking '/home/adrien/robot_arm_ros2(1)/robot_arm_ws/install/robot_arm_moveit_config/bin'
[3.367s] Level 1:colcon.colcon_core.environment:checking '/home/adrien/robot_arm_ros2(1)/robot_arm_ws/install/robot_arm_moveit_config/lib/pkgconfig/robot_arm_moveit_config.pc'
[3.367s] Level 1:colcon.colcon_core.environment:checking '/home/adrien/robot_arm_ros2(1)/robot_arm_ws/install/robot_arm_moveit_config/lib/python3.10/site-packages'
[3.368s] Level 1:colcon.colcon_core.environment:checking '/home/adrien/robot_arm_ros2(1)/robot_arm_ws/install/robot_arm_moveit_config/bin'
[3.368s] INFO:colcon.colcon_core.shell:Creating package script '/home/adrien/robot_arm_ros2(1)/robot_arm_ws/install/robot_arm_moveit_config/share/robot_arm_moveit_config/package.ps1'
[3.369s] INFO:colcon.colcon_core.shell:Creating package descriptor '/home/adrien/robot_arm_ros2(1)/robot_arm_ws/install/robot_arm_moveit_config/share/robot_arm_moveit_config/package.dsv'
[3.370s] INFO:colcon.colcon_core.shell:Creating package script '/home/adrien/robot_arm_ros2(1)/robot_arm_ws/install/robot_arm_moveit_config/share/robot_arm_moveit_config/package.sh'
[3.370s] INFO:colcon.colcon_core.shell:Creating package script '/home/adrien/robot_arm_ros2(1)/robot_arm_ws/install/robot_arm_moveit_config/share/robot_arm_moveit_config/package.bash'
[3.371s] INFO:colcon.colcon_core.shell:Creating package script '/home/adrien/robot_arm_ros2(1)/robot_arm_ws/install/robot_arm_moveit_config/share/robot_arm_moveit_config/package.zsh'
[3.371s] Level 1:colcon.colcon_core.environment:create_file_with_runtime_dependencies(/home/adrien/robot_arm_ros2(1)/robot_arm_ws/install/robot_arm_moveit_config/share/colcon-core/packages/robot_arm_moveit_config)
[3.375s] DEBUG:colcon.colcon_parallel_executor.executor.parallel:closing loop
[3.375s] DEBUG:colcon.colcon_parallel_executor.executor.parallel:loop closed
[3.376s] DEBUG:colcon.colcon_parallel_executor.executor.parallel:run_until_complete finished with '0'
[3.376s] DEBUG:colcon.colcon_core.event_reactor:joining thread
[3.397s] INFO:colcon.colcon_core.plugin_system:Skipping extension 'colcon_notification.desktop_notification.terminal_notifier': Not used on non-Darwin systems
[3.398s] INFO:colcon.colcon_core.plugin_system:Skipping extension 'colcon_notification.desktop_notification.win32': Not used on non-Windows systems
[3.398s] INFO:colcon.colcon_notification.desktop_notification:Sending desktop notification using 'notify2'
[3.437s] DEBUG:colcon.colcon_core.event_reactor:joined thread
[3.438s] INFO:colcon.colcon_core.shell:Creating prefix script '/home/adrien/robot_arm_ros2(1)/robot_arm_ws/install/local_setup.ps1'
[3.441s] INFO:colcon.colcon_core.shell:Creating prefix util module '/home/adrien/robot_arm_ros2(1)/robot_arm_ws/install/_local_setup_util_ps1.py'
[3.443s] INFO:colcon.colcon_core.shell:Creating prefix chain script '/home/adrien/robot_arm_ros2(1)/robot_arm_ws/install/setup.ps1'
[3.447s] INFO:colcon.colcon_core.shell:Creating prefix script '/home/adrien/robot_arm_ros2(1)/robot_arm_ws/install/local_setup.sh'
[3.447s] INFO:colcon.colcon_core.shell:Creating prefix util module '/home/adrien/robot_arm_ros2(1)/robot_arm_ws/install/_local_setup_util_sh.py'
[3.450s] INFO:colcon.colcon_core.shell:Creating prefix chain script '/home/adrien/robot_arm_ros2(1)/robot_arm_ws/install/setup.sh'
[3.453s] INFO:colcon.colcon_core.shell:Creating prefix script '/home/adrien/robot_arm_ros2(1)/robot_arm_ws/install/local_setup.bash'
[3.454s] INFO:colcon.colcon_core.shell:Creating prefix chain script '/home/adrien/robot_arm_ros2(1)/robot_arm_ws/install/setup.bash'
[3.458s] INFO:colcon.colcon_core.shell:Creating prefix script '/home/adrien/robot_arm_ros2(1)/robot_arm_ws/install/local_setup.zsh'
[3.460s] INFO:colcon.colcon_core.shell:Creating prefix chain script '/home/adrien/robot_arm_ros2(1)/robot_arm_ws/install/setup.zsh'
