[0.034s] Invoking command in '/home/adrien/robot_arm_ros2(1)/robot_arm_ws/build/robot_arm_description': CMAKE_PREFIX_PATH=${CMAKE_PREFIX_PATH}:/opt/ros/humble /usr/bin/cmake --build /home/adrien/robot_arm_ros2(1)/robot_arm_ws/build/robot_arm_description -- -j1 -l1
[0.159s] Invoked command in '/home/adrien/robot_arm_ros2(1)/robot_arm_ws/build/robot_arm_description' returned '0': CMAKE_PREFIX_PATH=${CMAKE_PREFIX_PATH}:/opt/ros/humble /usr/bin/cmake --build /home/adrien/robot_arm_ros2(1)/robot_arm_ws/build/robot_arm_description -- -j1 -l1
[0.175s] Invoking command in '/home/adrien/robot_arm_ros2(1)/robot_arm_ws/build/robot_arm_description': CMAKE_PREFIX_PATH=${CMAKE_PREFIX_PATH}:/opt/ros/humble /usr/bin/cmake --install /home/adrien/robot_arm_ros2(1)/robot_arm_ws/build/robot_arm_description
[0.186s] -- Install configuration: ""
[0.186s] -- Up-to-date: /home/adrien/robot_arm_ros2(1)/robot_arm_ws/install/robot_arm_description/share/robot_arm_description/urdf
[0.187s] -- Up-to-date: /home/adrien/robot_arm_ros2(1)/robot_arm_ws/install/robot_arm_description/share/robot_arm_description/urdf/robot_arm.urdf.xacro
[0.187s] -- Up-to-date: /home/adrien/robot_arm_ros2(1)/robot_arm_ws/install/robot_arm_description/share/robot_arm_description/meshes
[0.187s] -- Up-to-date: /home/adrien/robot_arm_ros2(1)/robot_arm_ws/install/robot_arm_description/share/robot_arm_description/meshes/left_finger.stl
[0.187s] -- Up-to-date: /home/adrien/robot_arm_ros2(1)/robot_arm_ws/install/robot_arm_description/share/robot_arm_description/meshes/link.stl
[0.187s] -- Up-to-date: /home/adrien/robot_arm_ros2(1)/robot_arm_ws/install/robot_arm_description/share/robot_arm_description/meshes/servo_plate.stl
[0.187s] -- Up-to-date: /home/adrien/robot_arm_ros2(1)/robot_arm_ws/install/robot_arm_description/share/robot_arm_description/meshes/horizontal_arm.stl
[0.187s] -- Up-to-date: /home/adrien/robot_arm_ros2(1)/robot_arm_ws/install/robot_arm_description/share/robot_arm_description/meshes/vertical_drive_arm.stl
[0.187s] -- Up-to-date: /home/adrien/robot_arm_ros2(1)/robot_arm_ws/install/robot_arm_description/share/robot_arm_description/meshes/triangular_link.stl
[0.187s] -- Up-to-date: /home/adrien/robot_arm_ros2(1)/robot_arm_ws/install/robot_arm_description/share/robot_arm_description/meshes/basement.stl
[0.188s] -- Up-to-date: /home/adrien/robot_arm_ros2(1)/robot_arm_ws/install/robot_arm_description/share/robot_arm_description/meshes/claw_support.stl
[0.188s] -- Up-to-date: /home/adrien/robot_arm_ros2(1)/robot_arm_ws/install/robot_arm_description/share/robot_arm_description/meshes/round_plate.stl
[0.188s] -- Up-to-date: /home/adrien/robot_arm_ros2(1)/robot_arm_ws/install/robot_arm_description/share/robot_arm_description/meshes/plate.stl
[0.188s] -- Up-to-date: /home/adrien/robot_arm_ros2(1)/robot_arm_ws/install/robot_arm_description/share/robot_arm_description/meshes/forward_drive_arm.stl
[0.188s] -- Up-to-date: /home/adrien/robot_arm_ros2(1)/robot_arm_ws/install/robot_arm_description/share/robot_arm_description/meshes/right_finger.stl
[0.188s] -- Up-to-date: /home/adrien/robot_arm_ros2(1)/robot_arm_ws/install/robot_arm_description/share/robot_arm_description/meshes/base_plate.stl
[0.188s] -- Up-to-date: /home/adrien/robot_arm_ros2(1)/robot_arm_ws/install/robot_arm_description/share/robot_arm_description/launch
[0.188s] -- Installing: /home/adrien/robot_arm_ros2(1)/robot_arm_ws/install/robot_arm_description/share/robot_arm_description/launch/display.launch.py
[0.188s] -- Up-to-date: /home/adrien/robot_arm_ros2(1)/robot_arm_ws/install/robot_arm_description/share/robot_arm_description/config
[0.189s] -- Up-to-date: /home/adrien/robot_arm_ros2(1)/robot_arm_ws/install/robot_arm_description/share/robot_arm_description/config/robot_arm.rviz
[0.189s] -- Up-to-date: /home/adrien/robot_arm_ros2(1)/robot_arm_ws/install/robot_arm_description/share/ament_index/resource_index/package_run_dependencies/robot_arm_description
[0.189s] -- Up-to-date: /home/adrien/robot_arm_ros2(1)/robot_arm_ws/install/robot_arm_description/share/ament_index/resource_index/parent_prefix_path/robot_arm_description
[0.189s] -- Up-to-date: /home/adrien/robot_arm_ros2(1)/robot_arm_ws/install/robot_arm_description/share/robot_arm_description/environment/ament_prefix_path.sh
[0.189s] -- Up-to-date: /home/adrien/robot_arm_ros2(1)/robot_arm_ws/install/robot_arm_description/share/robot_arm_description/environment/ament_prefix_path.dsv
[0.189s] -- Up-to-date: /home/adrien/robot_arm_ros2(1)/robot_arm_ws/install/robot_arm_description/share/robot_arm_description/environment/path.sh
[0.189s] -- Up-to-date: /home/adrien/robot_arm_ros2(1)/robot_arm_ws/install/robot_arm_description/share/robot_arm_description/environment/path.dsv
[0.190s] -- Up-to-date: /home/adrien/robot_arm_ros2(1)/robot_arm_ws/install/robot_arm_description/share/robot_arm_description/local_setup.bash
[0.190s] -- Up-to-date: /home/adrien/robot_arm_ros2(1)/robot_arm_ws/install/robot_arm_description/share/robot_arm_description/local_setup.sh
[0.190s] -- Up-to-date: /home/adrien/robot_arm_ros2(1)/robot_arm_ws/install/robot_arm_description/share/robot_arm_description/local_setup.zsh
[0.190s] -- Up-to-date: /home/adrien/robot_arm_ros2(1)/robot_arm_ws/install/robot_arm_description/share/robot_arm_description/local_setup.dsv
[0.190s] -- Up-to-date: /home/adrien/robot_arm_ros2(1)/robot_arm_ws/install/robot_arm_description/share/robot_arm_description/package.dsv
[0.190s] -- Up-to-date: /home/adrien/robot_arm_ros2(1)/robot_arm_ws/install/robot_arm_description/share/ament_index/resource_index/packages/robot_arm_description
[0.191s] -- Up-to-date: /home/adrien/robot_arm_ros2(1)/robot_arm_ws/install/robot_arm_description/share/robot_arm_description/cmake/robot_arm_descriptionConfig.cmake
[0.191s] -- Up-to-date: /home/adrien/robot_arm_ros2(1)/robot_arm_ws/install/robot_arm_description/share/robot_arm_description/cmake/robot_arm_descriptionConfig-version.cmake
[0.191s] -- Up-to-date: /home/adrien/robot_arm_ros2(1)/robot_arm_ws/install/robot_arm_description/share/robot_arm_description/package.xml
[0.193s] Invoked command in '/home/adrien/robot_arm_ros2(1)/robot_arm_ws/build/robot_arm_description' returned '0': CMAKE_PREFIX_PATH=${CMAKE_PREFIX_PATH}:/opt/ros/humble /usr/bin/cmake --install /home/adrien/robot_arm_ros2(1)/robot_arm_ws/build/robot_arm_description
