[0.023s] Invoking command in '/home/adrien/robot_arm_ros2(1)/robot_arm_ws/build/robot_arm_moveit_config': CMAKE_PREFIX_PATH=/home/adrien/robot_arm_ros2(1)/robot_arm_ws/install/robot_arm_description:/home/adrien/robot_arm_ros2(1)/robot_arm_ws/install/robot_arm_moveit_config:/home/adrien/ros2_ws/src/robot_arm_ws/src/install/robot_arm_moveit_config:/home/adrien/ros2_ws/src/robot_arm_ws/src/install/robot_arm_description:/home/adrien/ros2_ws/install/robot_arm_description:/home/adrien/ros2_ws/install/my_robot_description:/opt/ros/humble /usr/bin/cmake --build /home/adrien/robot_arm_ros2(1)/robot_arm_ws/build/robot_arm_moveit_config -- -j1 -l1
[0.156s] Invoked command in '/home/adrien/robot_arm_ros2(1)/robot_arm_ws/build/robot_arm_moveit_config' returned '0': CMAKE_PREFIX_PATH=/home/adrien/robot_arm_ros2(1)/robot_arm_ws/install/robot_arm_description:/home/adrien/robot_arm_ros2(1)/robot_arm_ws/install/robot_arm_moveit_config:/home/adrien/ros2_ws/src/robot_arm_ws/src/install/robot_arm_moveit_config:/home/adrien/ros2_ws/src/robot_arm_ws/src/install/robot_arm_description:/home/adrien/ros2_ws/install/robot_arm_description:/home/adrien/ros2_ws/install/my_robot_description:/opt/ros/humble /usr/bin/cmake --build /home/adrien/robot_arm_ros2(1)/robot_arm_ws/build/robot_arm_moveit_config -- -j1 -l1
[0.168s] Invoking command in '/home/adrien/robot_arm_ros2(1)/robot_arm_ws/build/robot_arm_moveit_config': CMAKE_PREFIX_PATH=/home/adrien/robot_arm_ros2(1)/robot_arm_ws/install/robot_arm_description:/home/adrien/robot_arm_ros2(1)/robot_arm_ws/install/robot_arm_moveit_config:/home/adrien/ros2_ws/src/robot_arm_ws/src/install/robot_arm_moveit_config:/home/adrien/ros2_ws/src/robot_arm_ws/src/install/robot_arm_description:/home/adrien/ros2_ws/install/robot_arm_description:/home/adrien/ros2_ws/install/my_robot_description:/opt/ros/humble /usr/bin/cmake --install /home/adrien/robot_arm_ros2(1)/robot_arm_ws/build/robot_arm_moveit_config
[0.179s] -- Install configuration: ""
[0.180s] -- Up-to-date: /home/adrien/robot_arm_ros2(1)/robot_arm_ws/install/robot_arm_moveit_config/share/robot_arm_moveit_config/config
[0.181s] -- Up-to-date: /home/adrien/robot_arm_ros2(1)/robot_arm_ws/install/robot_arm_moveit_config/share/robot_arm_moveit_config/config/kinematics.yaml
[0.181s] -- Up-to-date: /home/adrien/robot_arm_ros2(1)/robot_arm_ws/install/robot_arm_moveit_config/share/robot_arm_moveit_config/config/ompl_planning.yaml
[0.182s] -- Up-to-date: /home/adrien/robot_arm_ros2(1)/robot_arm_ws/install/robot_arm_moveit_config/share/robot_arm_moveit_config/config/moveit_controllers.yaml
[0.182s] -- Up-to-date: /home/adrien/robot_arm_ros2(1)/robot_arm_ws/install/robot_arm_moveit_config/share/robot_arm_moveit_config/config/robot_arm.srdf
[0.182s] -- Up-to-date: /home/adrien/robot_arm_ros2(1)/robot_arm_ws/install/robot_arm_moveit_config/share/robot_arm_moveit_config/config/joint_limits.yaml
[0.182s] -- Up-to-date: /home/adrien/robot_arm_ros2(1)/robot_arm_ws/install/robot_arm_moveit_config/share/robot_arm_moveit_config/launch
[0.183s] -- Up-to-date: /home/adrien/robot_arm_ros2(1)/robot_arm_ws/install/robot_arm_moveit_config/share/robot_arm_moveit_config/launch/demo.launch.py
[0.183s] -- Up-to-date: /home/adrien/robot_arm_ros2(1)/robot_arm_ws/install/robot_arm_moveit_config/share/ament_index/resource_index/package_run_dependencies/robot_arm_moveit_config
[0.183s] -- Up-to-date: /home/adrien/robot_arm_ros2(1)/robot_arm_ws/install/robot_arm_moveit_config/share/ament_index/resource_index/parent_prefix_path/robot_arm_moveit_config
[0.184s] -- Up-to-date: /home/adrien/robot_arm_ros2(1)/robot_arm_ws/install/robot_arm_moveit_config/share/robot_arm_moveit_config/environment/ament_prefix_path.sh
[0.185s] -- Up-to-date: /home/adrien/robot_arm_ros2(1)/robot_arm_ws/install/robot_arm_moveit_config/share/robot_arm_moveit_config/environment/ament_prefix_path.dsv
[0.185s] -- Up-to-date: /home/adrien/robot_arm_ros2(1)/robot_arm_ws/install/robot_arm_moveit_config/share/robot_arm_moveit_config/environment/path.sh
[0.185s] -- Up-to-date: /home/adrien/robot_arm_ros2(1)/robot_arm_ws/install/robot_arm_moveit_config/share/robot_arm_moveit_config/environment/path.dsv
[0.185s] -- Up-to-date: /home/adrien/robot_arm_ros2(1)/robot_arm_ws/install/robot_arm_moveit_config/share/robot_arm_moveit_config/local_setup.bash
[0.185s] -- Up-to-date: /home/adrien/robot_arm_ros2(1)/robot_arm_ws/install/robot_arm_moveit_config/share/robot_arm_moveit_config/local_setup.sh
[0.185s] -- Up-to-date: /home/adrien/robot_arm_ros2(1)/robot_arm_ws/install/robot_arm_moveit_config/share/robot_arm_moveit_config/local_setup.zsh
[0.185s] -- Up-to-date: /home/adrien/robot_arm_ros2(1)/robot_arm_ws/install/robot_arm_moveit_config/share/robot_arm_moveit_config/local_setup.dsv
[0.185s] -- Installing: /home/adrien/robot_arm_ros2(1)/robot_arm_ws/install/robot_arm_moveit_config/share/robot_arm_moveit_config/package.dsv
[0.187s] -- Up-to-date: /home/adrien/robot_arm_ros2(1)/robot_arm_ws/install/robot_arm_moveit_config/share/ament_index/resource_index/packages/robot_arm_moveit_config
[0.188s] -- Up-to-date: /home/adrien/robot_arm_ros2(1)/robot_arm_ws/install/robot_arm_moveit_config/share/robot_arm_moveit_config/cmake/robot_arm_moveit_configConfig.cmake
[0.188s] -- Up-to-date: /home/adrien/robot_arm_ros2(1)/robot_arm_ws/install/robot_arm_moveit_config/share/robot_arm_moveit_config/cmake/robot_arm_moveit_configConfig-version.cmake
[0.188s] -- Up-to-date: /home/adrien/robot_arm_ros2(1)/robot_arm_ws/install/robot_arm_moveit_config/share/robot_arm_moveit_config/package.xml
[0.191s] Invoked command in '/home/adrien/robot_arm_ros2(1)/robot_arm_ws/build/robot_arm_moveit_config' returned '0': CMAKE_PREFIX_PATH=/home/adrien/robot_arm_ros2(1)/robot_arm_ws/install/robot_arm_description:/home/adrien/robot_arm_ros2(1)/robot_arm_ws/install/robot_arm_moveit_config:/home/adrien/ros2_ws/src/robot_arm_ws/src/install/robot_arm_moveit_config:/home/adrien/ros2_ws/src/robot_arm_ws/src/install/robot_arm_description:/home/adrien/ros2_ws/install/robot_arm_description:/home/adrien/ros2_ws/install/my_robot_description:/opt/ros/humble /usr/bin/cmake --install /home/adrien/robot_arm_ros2(1)/robot_arm_ws/build/robot_arm_moveit_config
