[0.047s] Invoking command in '/home/adrien/robot_arm_ros2(1)/robot_arm_ws/build/robot_arm_description': CMAKE_PREFIX_PATH=${CMAKE_PREFIX_PATH}:/opt/ros/humble /usr/bin/cmake --build /home/adrien/robot_arm_ros2(1)/robot_arm_ws/build/robot_arm_description -- -j1 -l1
[0.295s] Invoked command in '/home/adrien/robot_arm_ros2(1)/robot_arm_ws/build/robot_arm_description' returned '0': CMAKE_PREFIX_PATH=${CMAKE_PREFIX_PATH}:/opt/ros/humble /usr/bin/cmake --build /home/adrien/robot_arm_ros2(1)/robot_arm_ws/build/robot_arm_description -- -j1 -l1
[0.314s] Invoking command in '/home/adrien/robot_arm_ros2(1)/robot_arm_ws/build/robot_arm_description': CMAKE_PREFIX_PATH=${CMAKE_PREFIX_PATH}:/opt/ros/humble /usr/bin/cmake --install /home/adrien/robot_arm_ros2(1)/robot_arm_ws/build/robot_arm_description
[0.329s] -- Install configuration: ""
[0.332s] -- Up-to-date: /home/adrien/robot_arm_ros2(1)/robot_arm_ws/install/robot_arm_description/share/robot_arm_description/urdf
[0.334s] -- Installing: /home/adrien/robot_arm_ros2(1)/robot_arm_ws/install/robot_arm_description/share/robot_arm_description/urdf/robot_arm.urdf.xacro
[0.335s] -- Up-to-date: /home/adrien/robot_arm_ros2(1)/robot_arm_ws/install/robot_arm_description/share/robot_arm_description/meshes
[0.335s] -- Up-to-date: /home/adrien/robot_arm_ros2(1)/robot_arm_ws/install/robot_arm_description/share/robot_arm_description/meshes/left_finger.stl
[0.336s] -- Up-to-date: /home/adrien/robot_arm_ros2(1)/robot_arm_ws/install/robot_arm_description/share/robot_arm_description/meshes/link.stl
[0.337s] -- Up-to-date: /home/adrien/robot_arm_ros2(1)/robot_arm_ws/install/robot_arm_description/share/robot_arm_description/meshes/servo_plate.stl
[0.339s] -- Up-to-date: /home/adrien/robot_arm_ros2(1)/robot_arm_ws/install/robot_arm_description/share/robot_arm_description/meshes/horizontal_arm.stl
[0.339s] -- Up-to-date: /home/adrien/robot_arm_ros2(1)/robot_arm_ws/install/robot_arm_description/share/robot_arm_description/meshes/vertical_drive_arm.stl
[0.341s] -- Up-to-date: /home/adrien/robot_arm_ros2(1)/robot_arm_ws/install/robot_arm_description/share/robot_arm_description/meshes/triangular_link.stl
[0.341s] -- Up-to-date: /home/adrien/robot_arm_ros2(1)/robot_arm_ws/install/robot_arm_description/share/robot_arm_description/meshes/basement.stl
[0.341s] -- Up-to-date: /home/adrien/robot_arm_ros2(1)/robot_arm_ws/install/robot_arm_description/share/robot_arm_description/meshes/claw_support.stl
[0.341s] -- Up-to-date: /home/adrien/robot_arm_ros2(1)/robot_arm_ws/install/robot_arm_description/share/robot_arm_description/meshes/round_plate.stl
[0.341s] -- Up-to-date: /home/adrien/robot_arm_ros2(1)/robot_arm_ws/install/robot_arm_description/share/robot_arm_description/meshes/plate.stl
[0.341s] -- Up-to-date: /home/adrien/robot_arm_ros2(1)/robot_arm_ws/install/robot_arm_description/share/robot_arm_description/meshes/forward_drive_arm.stl
[0.341s] -- Up-to-date: /home/adrien/robot_arm_ros2(1)/robot_arm_ws/install/robot_arm_description/share/robot_arm_description/meshes/right_finger.stl
[0.341s] -- Up-to-date: /home/adrien/robot_arm_ros2(1)/robot_arm_ws/install/robot_arm_description/share/robot_arm_description/meshes/base_plate.stl
[0.341s] -- Up-to-date: /home/adrien/robot_arm_ros2(1)/robot_arm_ws/install/robot_arm_description/share/robot_arm_description/launch
[0.342s] -- Up-to-date: /home/adrien/robot_arm_ros2(1)/robot_arm_ws/install/robot_arm_description/share/robot_arm_description/launch/display.launch.py
[0.342s] -- Up-to-date: /home/adrien/robot_arm_ros2(1)/robot_arm_ws/install/robot_arm_description/share/robot_arm_description/config
[0.343s] -- Up-to-date: /home/adrien/robot_arm_ros2(1)/robot_arm_ws/install/robot_arm_description/share/robot_arm_description/config/robot_arm.rviz
[0.345s] -- Up-to-date: /home/adrien/robot_arm_ros2(1)/robot_arm_ws/install/robot_arm_description/share/ament_index/resource_index/package_run_dependencies/robot_arm_description
[0.345s] -- Up-to-date: /home/adrien/robot_arm_ros2(1)/robot_arm_ws/install/robot_arm_description/share/ament_index/resource_index/parent_prefix_path/robot_arm_description
[0.346s] -- Up-to-date: /home/adrien/robot_arm_ros2(1)/robot_arm_ws/install/robot_arm_description/share/robot_arm_description/environment/ament_prefix_path.sh
[0.346s] -- Up-to-date: /home/adrien/robot_arm_ros2(1)/robot_arm_ws/install/robot_arm_description/share/robot_arm_description/environment/ament_prefix_path.dsv
[0.347s] -- Up-to-date: /home/adrien/robot_arm_ros2(1)/robot_arm_ws/install/robot_arm_description/share/robot_arm_description/environment/path.sh
[0.347s] -- Up-to-date: /home/adrien/robot_arm_ros2(1)/robot_arm_ws/install/robot_arm_description/share/robot_arm_description/environment/path.dsv
[0.348s] -- Up-to-date: /home/adrien/robot_arm_ros2(1)/robot_arm_ws/install/robot_arm_description/share/robot_arm_description/local_setup.bash
[0.349s] -- Up-to-date: /home/adrien/robot_arm_ros2(1)/robot_arm_ws/install/robot_arm_description/share/robot_arm_description/local_setup.sh
[0.350s] -- Up-to-date: /home/adrien/robot_arm_ros2(1)/robot_arm_ws/install/robot_arm_description/share/robot_arm_description/local_setup.zsh
[0.350s] -- Up-to-date: /home/adrien/robot_arm_ros2(1)/robot_arm_ws/install/robot_arm_description/share/robot_arm_description/local_setup.dsv
[0.351s] -- Installing: /home/adrien/robot_arm_ros2(1)/robot_arm_ws/install/robot_arm_description/share/robot_arm_description/package.dsv
[0.351s] -- Up-to-date: /home/adrien/robot_arm_ros2(1)/robot_arm_ws/install/robot_arm_description/share/ament_index/resource_index/packages/robot_arm_description
[0.353s] -- Up-to-date: /home/adrien/robot_arm_ros2(1)/robot_arm_ws/install/robot_arm_description/share/robot_arm_description/cmake/robot_arm_descriptionConfig.cmake
[0.353s] -- Up-to-date: /home/adrien/robot_arm_ros2(1)/robot_arm_ws/install/robot_arm_description/share/robot_arm_description/cmake/robot_arm_descriptionConfig-version.cmake
[0.353s] -- Up-to-date: /home/adrien/robot_arm_ros2(1)/robot_arm_ws/install/robot_arm_description/share/robot_arm_description/package.xml
[0.360s] Invoked command in '/home/adrien/robot_arm_ros2(1)/robot_arm_ws/build/robot_arm_description' returned '0': CMAKE_PREFIX_PATH=${CMAKE_PREFIX_PATH}:/opt/ros/humble /usr/bin/cmake --install /home/adrien/robot_arm_ros2(1)/robot_arm_ws/build/robot_arm_description
